2025-03-16 13:58:49 INFO  o.l.MicrosoftSentinelOutput - Starting Microsoft Sentinel output plugin
2025-03-16 15:19:12 ERROR c.azure.core.http.policy.RetryPolicy - {"az.sdk.message":"Retry attempts have been exhausted.","exception":null,"tryCount":3}
2025-03-16 15:19:12 ERROR c.azure.core.http.policy.RetryPolicy - null
2025-03-16 15:19:12 ERROR o.l.L.Workers.SenderWorker - Failed to upload batch. Exception is non retryable
java.lang.NullPointerException: null
	at com.azure.core.http.policy.BearerTokenAuthenticationPolicy.setAuthorizationHeaderHelperSync(BearerTokenAuthenticationPolicy.java:221)
	at com.azure.core.http.policy.BearerTokenAuthenticationPolicy.authorizeRequestSync(BearerTokenAuthenticationPolicy.java:92)
	at com.azure.core.http.policy.BearerTokenAuthenticationPolicy.processSync(BearerTokenAuthenticationPolicy.java:174)
	at com.azure.core.http.HttpPipelineNextSyncPolicy.processSync(HttpPipelineNextSyncPolicy.java:53)
	at com.azure.core.http.policy.AddDatePolicy.processSync(AddDatePolicy.java:50)
	at com.azure.core.http.HttpPipelineNextSyncPolicy.processSync(HttpPipelineNextSyncPolicy.java:53)
	at com.azure.core.http.policy.RetryPolicy.attemptSync(RetryPolicy.java:217)
	at com.azure.core.http.policy.RetryPolicy.attemptSync(RetryPolicy.java:233)
	at com.azure.core.http.policy.RetryPolicy.attemptSync(RetryPolicy.java:233)
	at com.azure.core.http.policy.RetryPolicy.attemptSync(RetryPolicy.java:233)
	at com.azure.core.http.policy.RetryPolicy.processSync(RetryPolicy.java:161)
	at com.azure.core.http.HttpPipelineNextSyncPolicy.processSync(HttpPipelineNextSyncPolicy.java:53)
	at com.azure.core.http.policy.AddHeadersFromContextPolicy.processSync(AddHeadersFromContextPolicy.java:67)
	at com.azure.core.http.HttpPipelineNextSyncPolicy.processSync(HttpPipelineNextSyncPolicy.java:53)
	at com.azure.core.http.policy.RequestIdPolicy.processSync(RequestIdPolicy.java:77)
	at com.azure.core.http.HttpPipelineNextSyncPolicy.processSync(HttpPipelineNextSyncPolicy.java:53)
	at com.azure.core.http.policy.HttpPipelineSyncPolicy.processSync(HttpPipelineSyncPolicy.java:51)
	at com.azure.core.http.policy.UserAgentPolicy.processSync(UserAgentPolicy.java:174)
	at com.azure.core.http.HttpPipelineNextSyncPolicy.processSync(HttpPipelineNextSyncPolicy.java:53)
	at com.azure.core.http.HttpPipeline.sendSync(HttpPipeline.java:138)
	at com.azure.core.implementation.http.rest.SyncRestProxy.send(SyncRestProxy.java:62)
	at com.azure.core.implementation.http.rest.SyncRestProxy.invoke(SyncRestProxy.java:83)
	at com.azure.core.implementation.http.rest.RestProxyBase.invoke(RestProxyBase.java:124)
	at com.azure.core.http.rest.RestProxy.invoke(RestProxy.java:95)
	at com.sun.proxy.$Proxy61.uploadSync(Unknown Source)
	at com.azure.monitor.ingestion.implementation.IngestionUsingDataCollectionRulesClientImpl.uploadWithResponse(IngestionUsingDataCollectionRulesClientImpl.java:312)
	at com.azure.monitor.ingestion.implementation.IngestionUsingDataCollectionRulesClient.uploadWithResponse(IngestionUsingDataCollectionRulesClient.java:89)
	at com.azure.monitor.ingestion.LogsIngestionClient.uploadToService(LogsIngestionClient.java:264)
	at com.azure.monitor.ingestion.LogsIngestionClient.lambda$upload$0(LogsIngestionClient.java:227)
	at java.base/java.util.stream.ReferencePipeline$3$1.accept(ReferencePipeline.java:195)
	at java.base/java.util.Iterator.forEachRemaining(Iterator.java:133)
	at java.base/java.util.Spliterators$IteratorSpliterator.forEachRemaining(Spliterators.java:1801)
	at java.base/java.util.stream.AbstractPipeline.copyInto(AbstractPipeline.java:484)
	at java.base/java.util.stream.AbstractPipeline.wrapAndCopyInto(AbstractPipeline.java:474)
	at java.base/java.util.stream.ReduceOps$ReduceOp.evaluateSequential(ReduceOps.java:913)
	at java.base/java.util.stream.AbstractPipeline.evaluate(AbstractPipeline.java:234)
	at java.base/java.util.stream.ReferencePipeline.collect(ReferencePipeline.java:578)
	at com.azure.monitor.ingestion.LogsIngestionClient.upload(LogsIngestionClient.java:241)
	at com.azure.monitor.ingestion.LogsIngestionClient.upload(LogsIngestionClient.java:185)
	at com.azure.monitor.ingestion.LogsIngestionClient.upload(LogsIngestionClient.java:147)
	at org.logstashplugins.LogAnalyticsEventsHandler.Workers.SenderWorker.uploadWithExpBackoffRetries(SenderWorker.java:94)
	at java.base/jdk.internal.reflect.NativeMethodAccessorImpl.invoke0(Native Method)
	at java.base/jdk.internal.reflect.NativeMethodAccessorImpl.invoke(NativeMethodAccessorImpl.java:62)
	at java.base/jdk.internal.reflect.DelegatingMethodAccessorImpl.invoke(DelegatingMethodAccessorImpl.java:43)
	at java.base/java.lang.reflect.Method.invoke(Method.java:566)
	at org.logstashplugins.unit.SenderWorkerTest.testUploadWithExpBackoffRetries_RetryableException(SenderWorkerTest.java:90)
	at java.base/jdk.internal.reflect.NativeMethodAccessorImpl.invoke0(Native Method)
	at java.base/jdk.internal.reflect.NativeMethodAccessorImpl.invoke(NativeMethodAccessorImpl.java:62)
	at java.base/jdk.internal.reflect.DelegatingMethodAccessorImpl.invoke(DelegatingMethodAccessorImpl.java:43)
	at java.base/java.lang.reflect.Method.invoke(Method.java:566)
	at org.junit.platform.commons.util.ReflectionUtils.invokeMethod(ReflectionUtils.java:727)
	at org.junit.jupiter.engine.execution.MethodInvocation.proceed(MethodInvocation.java:60)
	at org.junit.jupiter.engine.execution.InvocationInterceptorChain$ValidatingInvocation.proceed(InvocationInterceptorChain.java:131)
	at org.junit.jupiter.engine.extension.TimeoutExtension.intercept(TimeoutExtension.java:156)
	at org.junit.jupiter.engine.extension.TimeoutExtension.interceptTestableMethod(TimeoutExtension.java:147)
	at org.junit.jupiter.engine.extension.TimeoutExtension.interceptTestMethod(TimeoutExtension.java:86)
	at org.junit.jupiter.engine.execution.InterceptingExecutableInvoker$ReflectiveInterceptorCall.lambda$ofVoidMethod$0(InterceptingExecutableInvoker.java:103)
	at org.junit.jupiter.engine.execution.InterceptingExecutableInvoker.lambda$invoke$0(InterceptingExecutableInvoker.java:93)
	at org.junit.jupiter.engine.execution.InvocationInterceptorChain$InterceptedInvocation.proceed(InvocationInterceptorChain.java:106)
	at org.junit.jupiter.engine.execution.InvocationInterceptorChain.proceed(InvocationInterceptorChain.java:64)
	at org.junit.jupiter.engine.execution.InvocationInterceptorChain.chainAndInvoke(InvocationInterceptorChain.java:45)
	at org.junit.jupiter.engine.execution.InvocationInterceptorChain.invoke(InvocationInterceptorChain.java:37)
	at org.junit.jupiter.engine.execution.InterceptingExecutableInvoker.invoke(InterceptingExecutableInvoker.java:92)
	at org.junit.jupiter.engine.execution.InterceptingExecutableInvoker.invoke(InterceptingExecutableInvoker.java:86)
	at org.junit.jupiter.engine.descriptor.TestMethodTestDescriptor.lambda$invokeTestMethod$7(TestMethodTestDescriptor.java:217)
	at org.junit.platform.engine.support.hierarchical.ThrowableCollector.execute(ThrowableCollector.java:73)
	at org.junit.jupiter.engine.descriptor.TestMethodTestDescriptor.invokeTestMethod(TestMethodTestDescriptor.java:213)
	at org.junit.jupiter.engine.descriptor.TestMethodTestDescriptor.execute(TestMethodTestDescriptor.java:138)
	at org.junit.jupiter.engine.descriptor.TestMethodTestDescriptor.execute(TestMethodTestDescriptor.java:68)
	at org.junit.platform.engine.support.hierarchical.NodeTestTask.lambda$executeRecursively$6(NodeTestTask.java:151)
	at org.junit.platform.engine.support.hierarchical.ThrowableCollector.execute(ThrowableCollector.java:73)
	at org.junit.platform.engine.support.hierarchical.NodeTestTask.lambda$executeRecursively$8(NodeTestTask.java:141)
	at org.junit.platform.engine.support.hierarchical.Node.around(Node.java:137)
	at org.junit.platform.engine.support.hierarchical.NodeTestTask.lambda$executeRecursively$9(NodeTestTask.java:139)
	at org.junit.platform.engine.support.hierarchical.ThrowableCollector.execute(ThrowableCollector.java:73)
	at org.junit.platform.engine.support.hierarchical.NodeTestTask.executeRecursively(NodeTestTask.java:138)
	at org.junit.platform.engine.support.hierarchical.NodeTestTask.execute(NodeTestTask.java:95)
	at java.base/java.util.ArrayList.forEach(ArrayList.java:1541)
	at org.junit.platform.engine.support.hierarchical.SameThreadHierarchicalTestExecutorService.invokeAll(SameThreadHierarchicalTestExecutorService.java:41)
	at org.junit.platform.engine.support.hierarchical.NodeTestTask.lambda$executeRecursively$6(NodeTestTask.java:155)
	at org.junit.platform.engine.support.hierarchical.ThrowableCollector.execute(ThrowableCollector.java:73)
	at org.junit.platform.engine.support.hierarchical.NodeTestTask.lambda$executeRecursively$8(NodeTestTask.java:141)
	at org.junit.platform.engine.support.hierarchical.Node.around(Node.java:137)
	at org.junit.platform.engine.support.hierarchical.NodeTestTask.lambda$executeRecursively$9(NodeTestTask.java:139)
	at org.junit.platform.engine.support.hierarchical.ThrowableCollector.execute(ThrowableCollector.java:73)
	at org.junit.platform.engine.support.hierarchical.NodeTestTask.executeRecursively(NodeTestTask.java:138)
	at org.junit.platform.engine.support.hierarchical.NodeTestTask.execute(NodeTestTask.java:95)
	at java.base/java.util.ArrayList.forEach(ArrayList.java:1541)
	at org.junit.platform.engine.support.hierarchical.SameThreadHierarchicalTestExecutorService.invokeAll(SameThreadHierarchicalTestExecutorService.java:41)
	at org.junit.platform.engine.support.hierarchical.NodeTestTask.lambda$executeRecursively$6(NodeTestTask.java:155)
	at org.junit.platform.engine.support.hierarchical.ThrowableCollector.execute(ThrowableCollector.java:73)
	at org.junit.platform.engine.support.hierarchical.NodeTestTask.lambda$executeRecursively$8(NodeTestTask.java:141)
	at org.junit.platform.engine.support.hierarchical.Node.around(Node.java:137)
	at org.junit.platform.engine.support.hierarchical.NodeTestTask.lambda$executeRecursively$9(NodeTestTask.java:139)
	at org.junit.platform.engine.support.hierarchical.ThrowableCollector.execute(ThrowableCollector.java:73)
	at org.junit.platform.engine.support.hierarchical.NodeTestTask.executeRecursively(NodeTestTask.java:138)
	at org.junit.platform.engine.support.hierarchical.NodeTestTask.execute(NodeTestTask.java:95)
	at org.junit.platform.engine.support.hierarchical.SameThreadHierarchicalTestExecutorService.submit(SameThreadHierarchicalTestExecutorService.java:35)
	at org.junit.platform.engine.support.hierarchical.HierarchicalTestExecutor.execute(HierarchicalTestExecutor.java:57)
	at org.junit.platform.engine.support.hierarchical.HierarchicalTestEngine.execute(HierarchicalTestEngine.java:54)
	at org.junit.platform.launcher.core.EngineExecutionOrchestrator.execute(EngineExecutionOrchestrator.java:147)
	at org.junit.platform.launcher.core.EngineExecutionOrchestrator.execute(EngineExecutionOrchestrator.java:127)
	at org.junit.platform.launcher.core.EngineExecutionOrchestrator.execute(EngineExecutionOrchestrator.java:90)
	at org.junit.platform.launcher.core.EngineExecutionOrchestrator.lambda$execute$0(EngineExecutionOrchestrator.java:55)
	at org.junit.platform.launcher.core.EngineExecutionOrchestrator.withInterceptedStreams(EngineExecutionOrchestrator.java:102)
	at org.junit.platform.launcher.core.EngineExecutionOrchestrator.execute(EngineExecutionOrchestrator.java:54)
	at org.junit.platform.launcher.core.DefaultLauncher.execute(DefaultLauncher.java:114)
	at org.junit.platform.launcher.core.DefaultLauncher.execute(DefaultLauncher.java:95)
	at org.junit.platform.launcher.core.DefaultLauncherSession$DelegatingLauncher.execute(DefaultLauncherSession.java:91)
	at org.junit.platform.launcher.core.SessionPerRequestLauncher.execute(SessionPerRequestLauncher.java:60)
	at org.eclipse.jdt.internal.junit5.runner.JUnit5TestReference.run(JUnit5TestReference.java:100)
	at org.eclipse.jdt.internal.junit.runner.TestExecution.run(TestExecution.java:40)
	at org.eclipse.jdt.internal.junit.runner.RemoteTestRunner.runTests(RemoteTestRunner.java:520)
	at org.eclipse.jdt.internal.junit.runner.RemoteTestRunner.runTests(RemoteTestRunner.java:748)
	at org.eclipse.jdt.internal.junit.runner.RemoteTestRunner.run(RemoteTestRunner.java:443)
	at org.eclipse.jdt.internal.junit.runner.RemoteTestRunner.main(RemoteTestRunner.java:211)
	Suppressed: java.lang.NullPointerException: null
		at com.azure.core.http.policy.BearerTokenAuthenticationPolicy.setAuthorizationHeaderHelperSync(BearerTokenAuthenticationPolicy.java:221)
		at com.azure.core.http.policy.BearerTokenAuthenticationPolicy.authorizeRequestSync(BearerTokenAuthenticationPolicy.java:92)
		at com.azure.core.http.policy.BearerTokenAuthenticationPolicy.processSync(BearerTokenAuthenticationPolicy.java:174)
		at com.azure.core.http.HttpPipelineNextSyncPolicy.processSync(HttpPipelineNextSyncPolicy.java:53)
		at com.azure.core.http.policy.AddDatePolicy.processSync(AddDatePolicy.java:50)
		at com.azure.core.http.HttpPipelineNextSyncPolicy.processSync(HttpPipelineNextSyncPolicy.java:53)
		at com.azure.core.http.policy.RetryPolicy.attemptSync(RetryPolicy.java:217)
		... 106 common frames omitted
	Suppressed: java.lang.NullPointerException: null
		at com.azure.core.http.policy.BearerTokenAuthenticationPolicy.setAuthorizationHeaderHelperSync(BearerTokenAuthenticationPolicy.java:221)
		at com.azure.core.http.policy.BearerTokenAuthenticationPolicy.authorizeRequestSync(BearerTokenAuthenticationPolicy.java:92)
		at com.azure.core.http.policy.BearerTokenAuthenticationPolicy.processSync(BearerTokenAuthenticationPolicy.java:174)
		at com.azure.core.http.HttpPipelineNextSyncPolicy.processSync(HttpPipelineNextSyncPolicy.java:53)
		at com.azure.core.http.policy.AddDatePolicy.processSync(AddDatePolicy.java:50)
		at com.azure.core.http.HttpPipelineNextSyncPolicy.processSync(HttpPipelineNextSyncPolicy.java:53)
		at com.azure.core.http.policy.RetryPolicy.attemptSync(RetryPolicy.java:217)
		... 107 common frames omitted
	Suppressed: java.lang.NullPointerException: null
		at com.azure.core.http.policy.BearerTokenAuthenticationPolicy.setAuthorizationHeaderHelperSync(BearerTokenAuthenticationPolicy.java:221)
		at com.azure.core.http.policy.BearerTokenAuthenticationPolicy.authorizeRequestSync(BearerTokenAuthenticationPolicy.java:92)
		at com.azure.core.http.policy.BearerTokenAuthenticationPolicy.processSync(BearerTokenAuthenticationPolicy.java:174)
		at com.azure.core.http.HttpPipelineNextSyncPolicy.processSync(HttpPipelineNextSyncPolicy.java:53)
		at com.azure.core.http.policy.AddDatePolicy.processSync(AddDatePolicy.java:50)
		at com.azure.core.http.HttpPipelineNextSyncPolicy.processSync(HttpPipelineNextSyncPolicy.java:53)
		at com.azure.core.http.policy.RetryPolicy.attemptSync(RetryPolicy.java:217)
		... 108 common frames omitted
2025-03-16 15:24:05 ERROR c.azure.core.http.policy.RetryPolicy - {"az.sdk.message":"Retry attempts have been exhausted.","exception":null,"tryCount":3}
2025-03-16 15:24:05 ERROR c.azure.core.http.policy.RetryPolicy - null
2025-03-16 15:24:05 ERROR o.l.L.Workers.SenderWorker - Failed to upload batch. Exception is non retryable
java.lang.NullPointerException: null
	at com.azure.core.http.policy.BearerTokenAuthenticationPolicy.setAuthorizationHeaderHelperSync(BearerTokenAuthenticationPolicy.java:221)
	at com.azure.core.http.policy.BearerTokenAuthenticationPolicy.authorizeRequestSync(BearerTokenAuthenticationPolicy.java:92)
	at com.azure.core.http.policy.BearerTokenAuthenticationPolicy.processSync(BearerTokenAuthenticationPolicy.java:174)
	at com.azure.core.http.HttpPipelineNextSyncPolicy.processSync(HttpPipelineNextSyncPolicy.java:53)
	at com.azure.core.http.policy.AddDatePolicy.processSync(AddDatePolicy.java:50)
	at com.azure.core.http.HttpPipelineNextSyncPolicy.processSync(HttpPipelineNextSyncPolicy.java:53)
	at com.azure.core.http.policy.RetryPolicy.attemptSync(RetryPolicy.java:217)
	at com.azure.core.http.policy.RetryPolicy.attemptSync(RetryPolicy.java:233)
	at com.azure.core.http.policy.RetryPolicy.attemptSync(RetryPolicy.java:233)
	at com.azure.core.http.policy.RetryPolicy.attemptSync(RetryPolicy.java:233)
	at com.azure.core.http.policy.RetryPolicy.processSync(RetryPolicy.java:161)
	at com.azure.core.http.HttpPipelineNextSyncPolicy.processSync(HttpPipelineNextSyncPolicy.java:53)
	at com.azure.core.http.policy.AddHeadersFromContextPolicy.processSync(AddHeadersFromContextPolicy.java:67)
	at com.azure.core.http.HttpPipelineNextSyncPolicy.processSync(HttpPipelineNextSyncPolicy.java:53)
	at com.azure.core.http.policy.RequestIdPolicy.processSync(RequestIdPolicy.java:77)
	at com.azure.core.http.HttpPipelineNextSyncPolicy.processSync(HttpPipelineNextSyncPolicy.java:53)
	at com.azure.core.http.policy.HttpPipelineSyncPolicy.processSync(HttpPipelineSyncPolicy.java:51)
	at com.azure.core.http.policy.UserAgentPolicy.processSync(UserAgentPolicy.java:174)
	at com.azure.core.http.HttpPipelineNextSyncPolicy.processSync(HttpPipelineNextSyncPolicy.java:53)
	at com.azure.core.http.HttpPipeline.sendSync(HttpPipeline.java:138)
	at com.azure.core.implementation.http.rest.SyncRestProxy.send(SyncRestProxy.java:62)
	at com.azure.core.implementation.http.rest.SyncRestProxy.invoke(SyncRestProxy.java:83)
	at com.azure.core.implementation.http.rest.RestProxyBase.invoke(RestProxyBase.java:124)
	at com.azure.core.http.rest.RestProxy.invoke(RestProxy.java:95)
	at com.sun.proxy.$Proxy59.uploadSync(Unknown Source)
	at com.azure.monitor.ingestion.implementation.IngestionUsingDataCollectionRulesClientImpl.uploadWithResponse(IngestionUsingDataCollectionRulesClientImpl.java:312)
	at com.azure.monitor.ingestion.implementation.IngestionUsingDataCollectionRulesClient.uploadWithResponse(IngestionUsingDataCollectionRulesClient.java:89)
	at com.azure.monitor.ingestion.LogsIngestionClient.uploadToService(LogsIngestionClient.java:264)
	at com.azure.monitor.ingestion.LogsIngestionClient.lambda$upload$0(LogsIngestionClient.java:227)
	at java.base/java.util.stream.ReferencePipeline$3$1.accept(ReferencePipeline.java:195)
	at java.base/java.util.Iterator.forEachRemaining(Iterator.java:133)
	at java.base/java.util.Spliterators$IteratorSpliterator.forEachRemaining(Spliterators.java:1801)
	at java.base/java.util.stream.AbstractPipeline.copyInto(AbstractPipeline.java:484)
	at java.base/java.util.stream.AbstractPipeline.wrapAndCopyInto(AbstractPipeline.java:474)
	at java.base/java.util.stream.ReduceOps$ReduceOp.evaluateSequential(ReduceOps.java:913)
	at java.base/java.util.stream.AbstractPipeline.evaluate(AbstractPipeline.java:234)
	at java.base/java.util.stream.ReferencePipeline.collect(ReferencePipeline.java:578)
	at com.azure.monitor.ingestion.LogsIngestionClient.upload(LogsIngestionClient.java:241)
	at com.azure.monitor.ingestion.LogsIngestionClient.upload(LogsIngestionClient.java:185)
	at com.azure.monitor.ingestion.LogsIngestionClient.upload(LogsIngestionClient.java:147)
	at org.logstashplugins.LogAnalyticsEventsHandler.Workers.SenderWorker.uploadWithExpBackoffRetries(SenderWorker.java:94)
	at java.base/jdk.internal.reflect.NativeMethodAccessorImpl.invoke0(Native Method)
	at java.base/jdk.internal.reflect.NativeMethodAccessorImpl.invoke(NativeMethodAccessorImpl.java:62)
	at java.base/jdk.internal.reflect.DelegatingMethodAccessorImpl.invoke(DelegatingMethodAccessorImpl.java:43)
	at java.base/java.lang.reflect.Method.invoke(Method.java:566)
	at org.logstashplugins.unit.SenderWorkerTest.testUploadWithExpBackoffRetries_RetryableException(SenderWorkerTest.java:90)
	at java.base/jdk.internal.reflect.NativeMethodAccessorImpl.invoke0(Native Method)
	at java.base/jdk.internal.reflect.NativeMethodAccessorImpl.invoke(NativeMethodAccessorImpl.java:62)
	at java.base/jdk.internal.reflect.DelegatingMethodAccessorImpl.invoke(DelegatingMethodAccessorImpl.java:43)
	at java.base/java.lang.reflect.Method.invoke(Method.java:566)
	at org.junit.platform.commons.util.ReflectionUtils.invokeMethod(ReflectionUtils.java:727)
	at org.junit.jupiter.engine.execution.MethodInvocation.proceed(MethodInvocation.java:60)
	at org.junit.jupiter.engine.execution.InvocationInterceptorChain$ValidatingInvocation.proceed(InvocationInterceptorChain.java:131)
	at org.junit.jupiter.engine.extension.TimeoutExtension.intercept(TimeoutExtension.java:156)
	at org.junit.jupiter.engine.extension.TimeoutExtension.interceptTestableMethod(TimeoutExtension.java:147)
	at org.junit.jupiter.engine.extension.TimeoutExtension.interceptTestMethod(TimeoutExtension.java:86)
	at org.junit.jupiter.engine.execution.InterceptingExecutableInvoker$ReflectiveInterceptorCall.lambda$ofVoidMethod$0(InterceptingExecutableInvoker.java:103)
	at org.junit.jupiter.engine.execution.InterceptingExecutableInvoker.lambda$invoke$0(InterceptingExecutableInvoker.java:93)
	at org.junit.jupiter.engine.execution.InvocationInterceptorChain$InterceptedInvocation.proceed(InvocationInterceptorChain.java:106)
	at org.junit.jupiter.engine.execution.InvocationInterceptorChain.proceed(InvocationInterceptorChain.java:64)
	at org.junit.jupiter.engine.execution.InvocationInterceptorChain.chainAndInvoke(InvocationInterceptorChain.java:45)
	at org.junit.jupiter.engine.execution.InvocationInterceptorChain.invoke(InvocationInterceptorChain.java:37)
	at org.junit.jupiter.engine.execution.InterceptingExecutableInvoker.invoke(InterceptingExecutableInvoker.java:92)
	at org.junit.jupiter.engine.execution.InterceptingExecutableInvoker.invoke(InterceptingExecutableInvoker.java:86)
	at org.junit.jupiter.engine.descriptor.TestMethodTestDescriptor.lambda$invokeTestMethod$7(TestMethodTestDescriptor.java:217)
	at org.junit.platform.engine.support.hierarchical.ThrowableCollector.execute(ThrowableCollector.java:73)
	at org.junit.jupiter.engine.descriptor.TestMethodTestDescriptor.invokeTestMethod(TestMethodTestDescriptor.java:213)
	at org.junit.jupiter.engine.descriptor.TestMethodTestDescriptor.execute(TestMethodTestDescriptor.java:138)
	at org.junit.jupiter.engine.descriptor.TestMethodTestDescriptor.execute(TestMethodTestDescriptor.java:68)
	at org.junit.platform.engine.support.hierarchical.NodeTestTask.lambda$executeRecursively$6(NodeTestTask.java:151)
	at org.junit.platform.engine.support.hierarchical.ThrowableCollector.execute(ThrowableCollector.java:73)
	at org.junit.platform.engine.support.hierarchical.NodeTestTask.lambda$executeRecursively$8(NodeTestTask.java:141)
	at org.junit.platform.engine.support.hierarchical.Node.around(Node.java:137)
	at org.junit.platform.engine.support.hierarchical.NodeTestTask.lambda$executeRecursively$9(NodeTestTask.java:139)
	at org.junit.platform.engine.support.hierarchical.ThrowableCollector.execute(ThrowableCollector.java:73)
	at org.junit.platform.engine.support.hierarchical.NodeTestTask.executeRecursively(NodeTestTask.java:138)
	at org.junit.platform.engine.support.hierarchical.NodeTestTask.execute(NodeTestTask.java:95)
	at java.base/java.util.ArrayList.forEach(ArrayList.java:1541)
	at org.junit.platform.engine.support.hierarchical.SameThreadHierarchicalTestExecutorService.invokeAll(SameThreadHierarchicalTestExecutorService.java:41)
	at org.junit.platform.engine.support.hierarchical.NodeTestTask.lambda$executeRecursively$6(NodeTestTask.java:155)
	at org.junit.platform.engine.support.hierarchical.ThrowableCollector.execute(ThrowableCollector.java:73)
	at org.junit.platform.engine.support.hierarchical.NodeTestTask.lambda$executeRecursively$8(NodeTestTask.java:141)
	at org.junit.platform.engine.support.hierarchical.Node.around(Node.java:137)
	at org.junit.platform.engine.support.hierarchical.NodeTestTask.lambda$executeRecursively$9(NodeTestTask.java:139)
	at org.junit.platform.engine.support.hierarchical.ThrowableCollector.execute(ThrowableCollector.java:73)
	at org.junit.platform.engine.support.hierarchical.NodeTestTask.executeRecursively(NodeTestTask.java:138)
	at org.junit.platform.engine.support.hierarchical.NodeTestTask.execute(NodeTestTask.java:95)
	at java.base/java.util.ArrayList.forEach(ArrayList.java:1541)
	at org.junit.platform.engine.support.hierarchical.SameThreadHierarchicalTestExecutorService.invokeAll(SameThreadHierarchicalTestExecutorService.java:41)
	at org.junit.platform.engine.support.hierarchical.NodeTestTask.lambda$executeRecursively$6(NodeTestTask.java:155)
	at org.junit.platform.engine.support.hierarchical.ThrowableCollector.execute(ThrowableCollector.java:73)
	at org.junit.platform.engine.support.hierarchical.NodeTestTask.lambda$executeRecursively$8(NodeTestTask.java:141)
	at org.junit.platform.engine.support.hierarchical.Node.around(Node.java:137)
	at org.junit.platform.engine.support.hierarchical.NodeTestTask.lambda$executeRecursively$9(NodeTestTask.java:139)
	at org.junit.platform.engine.support.hierarchical.ThrowableCollector.execute(ThrowableCollector.java:73)
	at org.junit.platform.engine.support.hierarchical.NodeTestTask.executeRecursively(NodeTestTask.java:138)
	at org.junit.platform.engine.support.hierarchical.NodeTestTask.execute(NodeTestTask.java:95)
	at org.junit.platform.engine.support.hierarchical.SameThreadHierarchicalTestExecutorService.submit(SameThreadHierarchicalTestExecutorService.java:35)
	at org.junit.platform.engine.support.hierarchical.HierarchicalTestExecutor.execute(HierarchicalTestExecutor.java:57)
	at org.junit.platform.engine.support.hierarchical.HierarchicalTestEngine.execute(HierarchicalTestEngine.java:54)
	at org.junit.platform.launcher.core.EngineExecutionOrchestrator.execute(EngineExecutionOrchestrator.java:147)
	at org.junit.platform.launcher.core.EngineExecutionOrchestrator.execute(EngineExecutionOrchestrator.java:127)
	at org.junit.platform.launcher.core.EngineExecutionOrchestrator.execute(EngineExecutionOrchestrator.java:90)
	at org.junit.platform.launcher.core.EngineExecutionOrchestrator.lambda$execute$0(EngineExecutionOrchestrator.java:55)
	at org.junit.platform.launcher.core.EngineExecutionOrchestrator.withInterceptedStreams(EngineExecutionOrchestrator.java:102)
	at org.junit.platform.launcher.core.EngineExecutionOrchestrator.execute(EngineExecutionOrchestrator.java:54)
	at org.junit.platform.launcher.core.DefaultLauncher.execute(DefaultLauncher.java:114)
	at org.junit.platform.launcher.core.DefaultLauncher.execute(DefaultLauncher.java:95)
	at org.junit.platform.launcher.core.DefaultLauncherSession$DelegatingLauncher.execute(DefaultLauncherSession.java:91)
	at org.junit.platform.launcher.core.SessionPerRequestLauncher.execute(SessionPerRequestLauncher.java:60)
	at org.eclipse.jdt.internal.junit5.runner.JUnit5TestReference.run(JUnit5TestReference.java:100)
	at org.eclipse.jdt.internal.junit.runner.TestExecution.run(TestExecution.java:40)
	at org.eclipse.jdt.internal.junit.runner.RemoteTestRunner.runTests(RemoteTestRunner.java:520)
	at org.eclipse.jdt.internal.junit.runner.RemoteTestRunner.runTests(RemoteTestRunner.java:748)
	at org.eclipse.jdt.internal.junit.runner.RemoteTestRunner.run(RemoteTestRunner.java:443)
	at org.eclipse.jdt.internal.junit.runner.RemoteTestRunner.main(RemoteTestRunner.java:211)
	Suppressed: java.lang.NullPointerException: null
		at com.azure.core.http.policy.BearerTokenAuthenticationPolicy.setAuthorizationHeaderHelperSync(BearerTokenAuthenticationPolicy.java:221)
		at com.azure.core.http.policy.BearerTokenAuthenticationPolicy.authorizeRequestSync(BearerTokenAuthenticationPolicy.java:92)
		at com.azure.core.http.policy.BearerTokenAuthenticationPolicy.processSync(BearerTokenAuthenticationPolicy.java:174)
		at com.azure.core.http.HttpPipelineNextSyncPolicy.processSync(HttpPipelineNextSyncPolicy.java:53)
		at com.azure.core.http.policy.AddDatePolicy.processSync(AddDatePolicy.java:50)
		at com.azure.core.http.HttpPipelineNextSyncPolicy.processSync(HttpPipelineNextSyncPolicy.java:53)
		at com.azure.core.http.policy.RetryPolicy.attemptSync(RetryPolicy.java:217)
		... 106 common frames omitted
	Suppressed: java.lang.NullPointerException: null
		at com.azure.core.http.policy.BearerTokenAuthenticationPolicy.setAuthorizationHeaderHelperSync(BearerTokenAuthenticationPolicy.java:221)
		at com.azure.core.http.policy.BearerTokenAuthenticationPolicy.authorizeRequestSync(BearerTokenAuthenticationPolicy.java:92)
		at com.azure.core.http.policy.BearerTokenAuthenticationPolicy.processSync(BearerTokenAuthenticationPolicy.java:174)
		at com.azure.core.http.HttpPipelineNextSyncPolicy.processSync(HttpPipelineNextSyncPolicy.java:53)
		at com.azure.core.http.policy.AddDatePolicy.processSync(AddDatePolicy.java:50)
		at com.azure.core.http.HttpPipelineNextSyncPolicy.processSync(HttpPipelineNextSyncPolicy.java:53)
		at com.azure.core.http.policy.RetryPolicy.attemptSync(RetryPolicy.java:217)
		... 107 common frames omitted
	Suppressed: java.lang.NullPointerException: null
		at com.azure.core.http.policy.BearerTokenAuthenticationPolicy.setAuthorizationHeaderHelperSync(BearerTokenAuthenticationPolicy.java:221)
		at com.azure.core.http.policy.BearerTokenAuthenticationPolicy.authorizeRequestSync(BearerTokenAuthenticationPolicy.java:92)
		at com.azure.core.http.policy.BearerTokenAuthenticationPolicy.processSync(BearerTokenAuthenticationPolicy.java:174)
		at com.azure.core.http.HttpPipelineNextSyncPolicy.processSync(HttpPipelineNextSyncPolicy.java:53)
		at com.azure.core.http.policy.AddDatePolicy.processSync(AddDatePolicy.java:50)
		at com.azure.core.http.HttpPipelineNextSyncPolicy.processSync(HttpPipelineNextSyncPolicy.java:53)
		at com.azure.core.http.policy.RetryPolicy.attemptSync(RetryPolicy.java:217)
		... 108 common frames omitted
2025-03-16 15:27:46 ERROR c.azure.core.http.policy.RetryPolicy - {"az.sdk.message":"Retry attempts have been exhausted.","exception":null,"tryCount":3}
2025-03-16 15:27:46 ERROR c.azure.core.http.policy.RetryPolicy - null
2025-03-16 15:31:09 ERROR o.l.L.Workers.SenderWorker - Failed to upload batch. Exception is non retryable
java.lang.NullPointerException: null
	at com.azure.core.http.policy.BearerTokenAuthenticationPolicy.setAuthorizationHeaderHelperSync(BearerTokenAuthenticationPolicy.java:221)
	at com.azure.core.http.policy.BearerTokenAuthenticationPolicy.authorizeRequestSync(BearerTokenAuthenticationPolicy.java:92)
	at com.azure.core.http.policy.BearerTokenAuthenticationPolicy.processSync(BearerTokenAuthenticationPolicy.java:174)
	at com.azure.core.http.HttpPipelineNextSyncPolicy.processSync(HttpPipelineNextSyncPolicy.java:53)
	at com.azure.core.http.policy.AddDatePolicy.processSync(AddDatePolicy.java:50)
	at com.azure.core.http.HttpPipelineNextSyncPolicy.processSync(HttpPipelineNextSyncPolicy.java:53)
	at com.azure.core.http.policy.RetryPolicy.attemptSync(RetryPolicy.java:217)
	at com.azure.core.http.policy.RetryPolicy.attemptSync(RetryPolicy.java:233)
	at com.azure.core.http.policy.RetryPolicy.attemptSync(RetryPolicy.java:233)
	at com.azure.core.http.policy.RetryPolicy.attemptSync(RetryPolicy.java:233)
	at com.azure.core.http.policy.RetryPolicy.processSync(RetryPolicy.java:161)
	at com.azure.core.http.HttpPipelineNextSyncPolicy.processSync(HttpPipelineNextSyncPolicy.java:53)
	at com.azure.core.http.policy.AddHeadersFromContextPolicy.processSync(AddHeadersFromContextPolicy.java:67)
	at com.azure.core.http.HttpPipelineNextSyncPolicy.processSync(HttpPipelineNextSyncPolicy.java:53)
	at com.azure.core.http.policy.RequestIdPolicy.processSync(RequestIdPolicy.java:77)
	at com.azure.core.http.HttpPipelineNextSyncPolicy.processSync(HttpPipelineNextSyncPolicy.java:53)
	at com.azure.core.http.policy.HttpPipelineSyncPolicy.processSync(HttpPipelineSyncPolicy.java:51)
	at com.azure.core.http.policy.UserAgentPolicy.processSync(UserAgentPolicy.java:174)
	at com.azure.core.http.HttpPipelineNextSyncPolicy.processSync(HttpPipelineNextSyncPolicy.java:53)
	at com.azure.core.http.HttpPipeline.sendSync(HttpPipeline.java:138)
	at com.azure.core.implementation.http.rest.SyncRestProxy.send(SyncRestProxy.java:62)
	at com.azure.core.implementation.http.rest.SyncRestProxy.invoke(SyncRestProxy.java:83)
	at com.azure.core.implementation.http.rest.RestProxyBase.invoke(RestProxyBase.java:124)
	at com.azure.core.http.rest.RestProxy.invoke(RestProxy.java:95)
	at com.sun.proxy.$Proxy59.uploadSync(Unknown Source)
	at com.azure.monitor.ingestion.implementation.IngestionUsingDataCollectionRulesClientImpl.uploadWithResponse(IngestionUsingDataCollectionRulesClientImpl.java:312)
	at com.azure.monitor.ingestion.implementation.IngestionUsingDataCollectionRulesClient.uploadWithResponse(IngestionUsingDataCollectionRulesClient.java:89)
	at com.azure.monitor.ingestion.LogsIngestionClient.uploadToService(LogsIngestionClient.java:264)
	at com.azure.monitor.ingestion.LogsIngestionClient.lambda$upload$0(LogsIngestionClient.java:227)
	at java.base/java.util.stream.ReferencePipeline$3$1.accept(ReferencePipeline.java:195)
	at java.base/java.util.Iterator.forEachRemaining(Iterator.java:133)
	at java.base/java.util.Spliterators$IteratorSpliterator.forEachRemaining(Spliterators.java:1801)
	at java.base/java.util.stream.AbstractPipeline.copyInto(AbstractPipeline.java:484)
	at java.base/java.util.stream.AbstractPipeline.wrapAndCopyInto(AbstractPipeline.java:474)
	at java.base/java.util.stream.ReduceOps$ReduceOp.evaluateSequential(ReduceOps.java:913)
	at java.base/java.util.stream.AbstractPipeline.evaluate(AbstractPipeline.java:234)
	at java.base/java.util.stream.ReferencePipeline.collect(ReferencePipeline.java:578)
	at com.azure.monitor.ingestion.LogsIngestionClient.upload(LogsIngestionClient.java:241)
	at com.azure.monitor.ingestion.LogsIngestionClient.upload(LogsIngestionClient.java:185)
	at com.azure.monitor.ingestion.LogsIngestionClient.upload(LogsIngestionClient.java:147)
	at org.logstashplugins.LogAnalyticsEventsHandler.Workers.SenderWorker.uploadWithExpBackoffRetries(SenderWorker.java:94)
	at java.base/jdk.internal.reflect.NativeMethodAccessorImpl.invoke0(Native Method)
	at java.base/jdk.internal.reflect.NativeMethodAccessorImpl.invoke(NativeMethodAccessorImpl.java:62)
	at java.base/jdk.internal.reflect.DelegatingMethodAccessorImpl.invoke(DelegatingMethodAccessorImpl.java:43)
	at java.base/java.lang.reflect.Method.invoke(Method.java:566)
	at org.logstashplugins.unit.SenderWorkerTest.testUploadWithExpBackoffRetries_RetryableException(SenderWorkerTest.java:94)
	at java.base/jdk.internal.reflect.NativeMethodAccessorImpl.invoke0(Native Method)
	at java.base/jdk.internal.reflect.NativeMethodAccessorImpl.invoke(NativeMethodAccessorImpl.java:62)
	at java.base/jdk.internal.reflect.DelegatingMethodAccessorImpl.invoke(DelegatingMethodAccessorImpl.java:43)
	at java.base/java.lang.reflect.Method.invoke(Method.java:566)
	at org.junit.platform.commons.util.ReflectionUtils.invokeMethod(ReflectionUtils.java:727)
	at org.junit.jupiter.engine.execution.MethodInvocation.proceed(MethodInvocation.java:60)
	at org.junit.jupiter.engine.execution.InvocationInterceptorChain$ValidatingInvocation.proceed(InvocationInterceptorChain.java:131)
	at org.junit.jupiter.engine.extension.TimeoutExtension.intercept(TimeoutExtension.java:156)
	at org.junit.jupiter.engine.extension.TimeoutExtension.interceptTestableMethod(TimeoutExtension.java:147)
	at org.junit.jupiter.engine.extension.TimeoutExtension.interceptTestMethod(TimeoutExtension.java:86)
	at org.junit.jupiter.engine.execution.InterceptingExecutableInvoker$ReflectiveInterceptorCall.lambda$ofVoidMethod$0(InterceptingExecutableInvoker.java:103)
	at org.junit.jupiter.engine.execution.InterceptingExecutableInvoker.lambda$invoke$0(InterceptingExecutableInvoker.java:93)
	at org.junit.jupiter.engine.execution.InvocationInterceptorChain$InterceptedInvocation.proceed(InvocationInterceptorChain.java:106)
	at org.junit.jupiter.engine.execution.InvocationInterceptorChain.proceed(InvocationInterceptorChain.java:64)
	at org.junit.jupiter.engine.execution.InvocationInterceptorChain.chainAndInvoke(InvocationInterceptorChain.java:45)
	at org.junit.jupiter.engine.execution.InvocationInterceptorChain.invoke(InvocationInterceptorChain.java:37)
	at org.junit.jupiter.engine.execution.InterceptingExecutableInvoker.invoke(InterceptingExecutableInvoker.java:92)
	at org.junit.jupiter.engine.execution.InterceptingExecutableInvoker.invoke(InterceptingExecutableInvoker.java:86)
	at org.junit.jupiter.engine.descriptor.TestMethodTestDescriptor.lambda$invokeTestMethod$7(TestMethodTestDescriptor.java:217)
	at org.junit.platform.engine.support.hierarchical.ThrowableCollector.execute(ThrowableCollector.java:73)
	at org.junit.jupiter.engine.descriptor.TestMethodTestDescriptor.invokeTestMethod(TestMethodTestDescriptor.java:213)
	at org.junit.jupiter.engine.descriptor.TestMethodTestDescriptor.execute(TestMethodTestDescriptor.java:138)
	at org.junit.jupiter.engine.descriptor.TestMethodTestDescriptor.execute(TestMethodTestDescriptor.java:68)
	at org.junit.platform.engine.support.hierarchical.NodeTestTask.lambda$executeRecursively$6(NodeTestTask.java:151)
	at org.junit.platform.engine.support.hierarchical.ThrowableCollector.execute(ThrowableCollector.java:73)
	at org.junit.platform.engine.support.hierarchical.NodeTestTask.lambda$executeRecursively$8(NodeTestTask.java:141)
	at org.junit.platform.engine.support.hierarchical.Node.around(Node.java:137)
	at org.junit.platform.engine.support.hierarchical.NodeTestTask.lambda$executeRecursively$9(NodeTestTask.java:139)
	at org.junit.platform.engine.support.hierarchical.ThrowableCollector.execute(ThrowableCollector.java:73)
	at org.junit.platform.engine.support.hierarchical.NodeTestTask.executeRecursively(NodeTestTask.java:138)
	at org.junit.platform.engine.support.hierarchical.NodeTestTask.execute(NodeTestTask.java:95)
	at java.base/java.util.ArrayList.forEach(ArrayList.java:1541)
	at org.junit.platform.engine.support.hierarchical.SameThreadHierarchicalTestExecutorService.invokeAll(SameThreadHierarchicalTestExecutorService.java:41)
	at org.junit.platform.engine.support.hierarchical.NodeTestTask.lambda$executeRecursively$6(NodeTestTask.java:155)
	at org.junit.platform.engine.support.hierarchical.ThrowableCollector.execute(ThrowableCollector.java:73)
	at org.junit.platform.engine.support.hierarchical.NodeTestTask.lambda$executeRecursively$8(NodeTestTask.java:141)
	at org.junit.platform.engine.support.hierarchical.Node.around(Node.java:137)
	at org.junit.platform.engine.support.hierarchical.NodeTestTask.lambda$executeRecursively$9(NodeTestTask.java:139)
	at org.junit.platform.engine.support.hierarchical.ThrowableCollector.execute(ThrowableCollector.java:73)
	at org.junit.platform.engine.support.hierarchical.NodeTestTask.executeRecursively(NodeTestTask.java:138)
	at org.junit.platform.engine.support.hierarchical.NodeTestTask.execute(NodeTestTask.java:95)
	at java.base/java.util.ArrayList.forEach(ArrayList.java:1541)
	at org.junit.platform.engine.support.hierarchical.SameThreadHierarchicalTestExecutorService.invokeAll(SameThreadHierarchicalTestExecutorService.java:41)
	at org.junit.platform.engine.support.hierarchical.NodeTestTask.lambda$executeRecursively$6(NodeTestTask.java:155)
	at org.junit.platform.engine.support.hierarchical.ThrowableCollector.execute(ThrowableCollector.java:73)
	at org.junit.platform.engine.support.hierarchical.NodeTestTask.lambda$executeRecursively$8(NodeTestTask.java:141)
	at org.junit.platform.engine.support.hierarchical.Node.around(Node.java:137)
	at org.junit.platform.engine.support.hierarchical.NodeTestTask.lambda$executeRecursively$9(NodeTestTask.java:139)
	at org.junit.platform.engine.support.hierarchical.ThrowableCollector.execute(ThrowableCollector.java:73)
	at org.junit.platform.engine.support.hierarchical.NodeTestTask.executeRecursively(NodeTestTask.java:138)
	at org.junit.platform.engine.support.hierarchical.NodeTestTask.execute(NodeTestTask.java:95)
	at org.junit.platform.engine.support.hierarchical.SameThreadHierarchicalTestExecutorService.submit(SameThreadHierarchicalTestExecutorService.java:35)
	at org.junit.platform.engine.support.hierarchical.HierarchicalTestExecutor.execute(HierarchicalTestExecutor.java:57)
	at org.junit.platform.engine.support.hierarchical.HierarchicalTestEngine.execute(HierarchicalTestEngine.java:54)
	at org.junit.platform.launcher.core.EngineExecutionOrchestrator.execute(EngineExecutionOrchestrator.java:147)
	at org.junit.platform.launcher.core.EngineExecutionOrchestrator.execute(EngineExecutionOrchestrator.java:127)
	at org.junit.platform.launcher.core.EngineExecutionOrchestrator.execute(EngineExecutionOrchestrator.java:90)
	at org.junit.platform.launcher.core.EngineExecutionOrchestrator.lambda$execute$0(EngineExecutionOrchestrator.java:55)
	at org.junit.platform.launcher.core.EngineExecutionOrchestrator.withInterceptedStreams(EngineExecutionOrchestrator.java:102)
	at org.junit.platform.launcher.core.EngineExecutionOrchestrator.execute(EngineExecutionOrchestrator.java:54)
	at org.junit.platform.launcher.core.DefaultLauncher.execute(DefaultLauncher.java:114)
	at org.junit.platform.launcher.core.DefaultLauncher.execute(DefaultLauncher.java:95)
	at org.junit.platform.launcher.core.DefaultLauncherSession$DelegatingLauncher.execute(DefaultLauncherSession.java:91)
	at org.junit.platform.launcher.core.SessionPerRequestLauncher.execute(SessionPerRequestLauncher.java:60)
	at org.eclipse.jdt.internal.junit5.runner.JUnit5TestReference.run(JUnit5TestReference.java:100)
	at org.eclipse.jdt.internal.junit.runner.TestExecution.run(TestExecution.java:40)
	at org.eclipse.jdt.internal.junit.runner.RemoteTestRunner.runTests(RemoteTestRunner.java:520)
	at org.eclipse.jdt.internal.junit.runner.RemoteTestRunner.runTests(RemoteTestRunner.java:748)
	at org.eclipse.jdt.internal.junit.runner.RemoteTestRunner.run(RemoteTestRunner.java:443)
	at org.eclipse.jdt.internal.junit.runner.RemoteTestRunner.main(RemoteTestRunner.java:211)
	Suppressed: java.lang.NullPointerException: null
		at com.azure.core.http.policy.BearerTokenAuthenticationPolicy.setAuthorizationHeaderHelperSync(BearerTokenAuthenticationPolicy.java:221)
		at com.azure.core.http.policy.BearerTokenAuthenticationPolicy.authorizeRequestSync(BearerTokenAuthenticationPolicy.java:92)
		at com.azure.core.http.policy.BearerTokenAuthenticationPolicy.processSync(BearerTokenAuthenticationPolicy.java:174)
		at com.azure.core.http.HttpPipelineNextSyncPolicy.processSync(HttpPipelineNextSyncPolicy.java:53)
		at com.azure.core.http.policy.AddDatePolicy.processSync(AddDatePolicy.java:50)
		at com.azure.core.http.HttpPipelineNextSyncPolicy.processSync(HttpPipelineNextSyncPolicy.java:53)
		at com.azure.core.http.policy.RetryPolicy.attemptSync(RetryPolicy.java:217)
		... 106 common frames omitted
	Suppressed: java.lang.NullPointerException: null
		at com.azure.core.http.policy.BearerTokenAuthenticationPolicy.setAuthorizationHeaderHelperSync(BearerTokenAuthenticationPolicy.java:221)
		at com.azure.core.http.policy.BearerTokenAuthenticationPolicy.authorizeRequestSync(BearerTokenAuthenticationPolicy.java:92)
		at com.azure.core.http.policy.BearerTokenAuthenticationPolicy.processSync(BearerTokenAuthenticationPolicy.java:174)
		at com.azure.core.http.HttpPipelineNextSyncPolicy.processSync(HttpPipelineNextSyncPolicy.java:53)
		at com.azure.core.http.policy.AddDatePolicy.processSync(AddDatePolicy.java:50)
		at com.azure.core.http.HttpPipelineNextSyncPolicy.processSync(HttpPipelineNextSyncPolicy.java:53)
		at com.azure.core.http.policy.RetryPolicy.attemptSync(RetryPolicy.java:217)
		... 107 common frames omitted
	Suppressed: java.lang.NullPointerException: null
		at com.azure.core.http.policy.BearerTokenAuthenticationPolicy.setAuthorizationHeaderHelperSync(BearerTokenAuthenticationPolicy.java:221)
		at com.azure.core.http.policy.BearerTokenAuthenticationPolicy.authorizeRequestSync(BearerTokenAuthenticationPolicy.java:92)
		at com.azure.core.http.policy.BearerTokenAuthenticationPolicy.processSync(BearerTokenAuthenticationPolicy.java:174)
		at com.azure.core.http.HttpPipelineNextSyncPolicy.processSync(HttpPipelineNextSyncPolicy.java:53)
		at com.azure.core.http.policy.AddDatePolicy.processSync(AddDatePolicy.java:50)
		at com.azure.core.http.HttpPipelineNextSyncPolicy.processSync(HttpPipelineNextSyncPolicy.java:53)
		at com.azure.core.http.policy.RetryPolicy.attemptSync(RetryPolicy.java:217)
		... 108 common frames omitted
2025-03-16 15:40:09 ERROR c.azure.core.http.policy.RetryPolicy - {"az.sdk.message":"Retry attempts have been exhausted.","exception":null,"tryCount":3}
2025-03-16 15:40:09 ERROR c.azure.core.http.policy.RetryPolicy - null
2025-03-16 15:40:09 ERROR o.l.L.Workers.SenderWorker - Failed to upload batch. Exception is non retryable
java.lang.NullPointerException: null
	at com.azure.core.http.policy.BearerTokenAuthenticationPolicy.setAuthorizationHeaderHelperSync(BearerTokenAuthenticationPolicy.java:221)
	at com.azure.core.http.policy.BearerTokenAuthenticationPolicy.authorizeRequestSync(BearerTokenAuthenticationPolicy.java:92)
	at com.azure.core.http.policy.BearerTokenAuthenticationPolicy.processSync(BearerTokenAuthenticationPolicy.java:174)
	at com.azure.core.http.HttpPipelineNextSyncPolicy.processSync(HttpPipelineNextSyncPolicy.java:53)
	at com.azure.core.http.policy.AddDatePolicy.processSync(AddDatePolicy.java:50)
	at com.azure.core.http.HttpPipelineNextSyncPolicy.processSync(HttpPipelineNextSyncPolicy.java:53)
	at com.azure.core.http.policy.RetryPolicy.attemptSync(RetryPolicy.java:217)
	at com.azure.core.http.policy.RetryPolicy.attemptSync(RetryPolicy.java:233)
	at com.azure.core.http.policy.RetryPolicy.attemptSync(RetryPolicy.java:233)
	at com.azure.core.http.policy.RetryPolicy.attemptSync(RetryPolicy.java:233)
	at com.azure.core.http.policy.RetryPolicy.processSync(RetryPolicy.java:161)
	at com.azure.core.http.HttpPipelineNextSyncPolicy.processSync(HttpPipelineNextSyncPolicy.java:53)
	at com.azure.core.http.policy.AddHeadersFromContextPolicy.processSync(AddHeadersFromContextPolicy.java:67)
	at com.azure.core.http.HttpPipelineNextSyncPolicy.processSync(HttpPipelineNextSyncPolicy.java:53)
	at com.azure.core.http.policy.RequestIdPolicy.processSync(RequestIdPolicy.java:77)
	at com.azure.core.http.HttpPipelineNextSyncPolicy.processSync(HttpPipelineNextSyncPolicy.java:53)
	at com.azure.core.http.policy.HttpPipelineSyncPolicy.processSync(HttpPipelineSyncPolicy.java:51)
	at com.azure.core.http.policy.UserAgentPolicy.processSync(UserAgentPolicy.java:174)
	at com.azure.core.http.HttpPipelineNextSyncPolicy.processSync(HttpPipelineNextSyncPolicy.java:53)
	at com.azure.core.http.HttpPipeline.sendSync(HttpPipeline.java:138)
	at com.azure.core.implementation.http.rest.SyncRestProxy.send(SyncRestProxy.java:62)
	at com.azure.core.implementation.http.rest.SyncRestProxy.invoke(SyncRestProxy.java:83)
	at com.azure.core.implementation.http.rest.RestProxyBase.invoke(RestProxyBase.java:124)
	at com.azure.core.http.rest.RestProxy.invoke(RestProxy.java:95)
	at com.sun.proxy.$Proxy59.uploadSync(Unknown Source)
	at com.azure.monitor.ingestion.implementation.IngestionUsingDataCollectionRulesClientImpl.uploadWithResponse(IngestionUsingDataCollectionRulesClientImpl.java:312)
	at com.azure.monitor.ingestion.implementation.IngestionUsingDataCollectionRulesClient.uploadWithResponse(IngestionUsingDataCollectionRulesClient.java:89)
	at com.azure.monitor.ingestion.LogsIngestionClient.uploadToService(LogsIngestionClient.java:264)
	at com.azure.monitor.ingestion.LogsIngestionClient.lambda$upload$0(LogsIngestionClient.java:227)
	at java.base/java.util.stream.ReferencePipeline$3$1.accept(ReferencePipeline.java:195)
	at java.base/java.util.Iterator.forEachRemaining(Iterator.java:133)
	at java.base/java.util.Spliterators$IteratorSpliterator.forEachRemaining(Spliterators.java:1801)
	at java.base/java.util.stream.AbstractPipeline.copyInto(AbstractPipeline.java:484)
	at java.base/java.util.stream.AbstractPipeline.wrapAndCopyInto(AbstractPipeline.java:474)
	at java.base/java.util.stream.ReduceOps$ReduceOp.evaluateSequential(ReduceOps.java:913)
	at java.base/java.util.stream.AbstractPipeline.evaluate(AbstractPipeline.java:234)
	at java.base/java.util.stream.ReferencePipeline.collect(ReferencePipeline.java:578)
	at com.azure.monitor.ingestion.LogsIngestionClient.upload(LogsIngestionClient.java:241)
	at com.azure.monitor.ingestion.LogsIngestionClient.upload(LogsIngestionClient.java:185)
	at com.azure.monitor.ingestion.LogsIngestionClient.upload(LogsIngestionClient.java:147)
	at org.logstashplugins.LogAnalyticsEventsHandler.Workers.SenderWorker.uploadWithExpBackoffRetries(SenderWorker.java:94)
	at java.base/jdk.internal.reflect.NativeMethodAccessorImpl.invoke0(Native Method)
	at java.base/jdk.internal.reflect.NativeMethodAccessorImpl.invoke(NativeMethodAccessorImpl.java:62)
	at java.base/jdk.internal.reflect.DelegatingMethodAccessorImpl.invoke(DelegatingMethodAccessorImpl.java:43)
	at java.base/java.lang.reflect.Method.invoke(Method.java:566)
	at org.logstashplugins.unit.SenderWorkerTest.testUploadWithExpBackoffRetries_RetryableException(SenderWorkerTest.java:94)
	at java.base/jdk.internal.reflect.NativeMethodAccessorImpl.invoke0(Native Method)
	at java.base/jdk.internal.reflect.NativeMethodAccessorImpl.invoke(NativeMethodAccessorImpl.java:62)
	at java.base/jdk.internal.reflect.DelegatingMethodAccessorImpl.invoke(DelegatingMethodAccessorImpl.java:43)
	at java.base/java.lang.reflect.Method.invoke(Method.java:566)
	at org.junit.platform.commons.util.ReflectionUtils.invokeMethod(ReflectionUtils.java:727)
	at org.junit.jupiter.engine.execution.MethodInvocation.proceed(MethodInvocation.java:60)
	at org.junit.jupiter.engine.execution.InvocationInterceptorChain$ValidatingInvocation.proceed(InvocationInterceptorChain.java:131)
	at org.junit.jupiter.engine.extension.TimeoutExtension.intercept(TimeoutExtension.java:156)
	at org.junit.jupiter.engine.extension.TimeoutExtension.interceptTestableMethod(TimeoutExtension.java:147)
	at org.junit.jupiter.engine.extension.TimeoutExtension.interceptTestMethod(TimeoutExtension.java:86)
	at org.junit.jupiter.engine.execution.InterceptingExecutableInvoker$ReflectiveInterceptorCall.lambda$ofVoidMethod$0(InterceptingExecutableInvoker.java:103)
	at org.junit.jupiter.engine.execution.InterceptingExecutableInvoker.lambda$invoke$0(InterceptingExecutableInvoker.java:93)
	at org.junit.jupiter.engine.execution.InvocationInterceptorChain$InterceptedInvocation.proceed(InvocationInterceptorChain.java:106)
	at org.junit.jupiter.engine.execution.InvocationInterceptorChain.proceed(InvocationInterceptorChain.java:64)
	at org.junit.jupiter.engine.execution.InvocationInterceptorChain.chainAndInvoke(InvocationInterceptorChain.java:45)
	at org.junit.jupiter.engine.execution.InvocationInterceptorChain.invoke(InvocationInterceptorChain.java:37)
	at org.junit.jupiter.engine.execution.InterceptingExecutableInvoker.invoke(InterceptingExecutableInvoker.java:92)
	at org.junit.jupiter.engine.execution.InterceptingExecutableInvoker.invoke(InterceptingExecutableInvoker.java:86)
	at org.junit.jupiter.engine.descriptor.TestMethodTestDescriptor.lambda$invokeTestMethod$7(TestMethodTestDescriptor.java:217)
	at org.junit.platform.engine.support.hierarchical.ThrowableCollector.execute(ThrowableCollector.java:73)
	at org.junit.jupiter.engine.descriptor.TestMethodTestDescriptor.invokeTestMethod(TestMethodTestDescriptor.java:213)
	at org.junit.jupiter.engine.descriptor.TestMethodTestDescriptor.execute(TestMethodTestDescriptor.java:138)
	at org.junit.jupiter.engine.descriptor.TestMethodTestDescriptor.execute(TestMethodTestDescriptor.java:68)
	at org.junit.platform.engine.support.hierarchical.NodeTestTask.lambda$executeRecursively$6(NodeTestTask.java:151)
	at org.junit.platform.engine.support.hierarchical.ThrowableCollector.execute(ThrowableCollector.java:73)
	at org.junit.platform.engine.support.hierarchical.NodeTestTask.lambda$executeRecursively$8(NodeTestTask.java:141)
	at org.junit.platform.engine.support.hierarchical.Node.around(Node.java:137)
	at org.junit.platform.engine.support.hierarchical.NodeTestTask.lambda$executeRecursively$9(NodeTestTask.java:139)
	at org.junit.platform.engine.support.hierarchical.ThrowableCollector.execute(ThrowableCollector.java:73)
	at org.junit.platform.engine.support.hierarchical.NodeTestTask.executeRecursively(NodeTestTask.java:138)
	at org.junit.platform.engine.support.hierarchical.NodeTestTask.execute(NodeTestTask.java:95)
	at java.base/java.util.ArrayList.forEach(ArrayList.java:1541)
	at org.junit.platform.engine.support.hierarchical.SameThreadHierarchicalTestExecutorService.invokeAll(SameThreadHierarchicalTestExecutorService.java:41)
	at org.junit.platform.engine.support.hierarchical.NodeTestTask.lambda$executeRecursively$6(NodeTestTask.java:155)
	at org.junit.platform.engine.support.hierarchical.ThrowableCollector.execute(ThrowableCollector.java:73)
	at org.junit.platform.engine.support.hierarchical.NodeTestTask.lambda$executeRecursively$8(NodeTestTask.java:141)
	at org.junit.platform.engine.support.hierarchical.Node.around(Node.java:137)
	at org.junit.platform.engine.support.hierarchical.NodeTestTask.lambda$executeRecursively$9(NodeTestTask.java:139)
	at org.junit.platform.engine.support.hierarchical.ThrowableCollector.execute(ThrowableCollector.java:73)
	at org.junit.platform.engine.support.hierarchical.NodeTestTask.executeRecursively(NodeTestTask.java:138)
	at org.junit.platform.engine.support.hierarchical.NodeTestTask.execute(NodeTestTask.java:95)
	at java.base/java.util.ArrayList.forEach(ArrayList.java:1541)
	at org.junit.platform.engine.support.hierarchical.SameThreadHierarchicalTestExecutorService.invokeAll(SameThreadHierarchicalTestExecutorService.java:41)
	at org.junit.platform.engine.support.hierarchical.NodeTestTask.lambda$executeRecursively$6(NodeTestTask.java:155)
	at org.junit.platform.engine.support.hierarchical.ThrowableCollector.execute(ThrowableCollector.java:73)
	at org.junit.platform.engine.support.hierarchical.NodeTestTask.lambda$executeRecursively$8(NodeTestTask.java:141)
	at org.junit.platform.engine.support.hierarchical.Node.around(Node.java:137)
	at org.junit.platform.engine.support.hierarchical.NodeTestTask.lambda$executeRecursively$9(NodeTestTask.java:139)
	at org.junit.platform.engine.support.hierarchical.ThrowableCollector.execute(ThrowableCollector.java:73)
	at org.junit.platform.engine.support.hierarchical.NodeTestTask.executeRecursively(NodeTestTask.java:138)
	at org.junit.platform.engine.support.hierarchical.NodeTestTask.execute(NodeTestTask.java:95)
	at org.junit.platform.engine.support.hierarchical.SameThreadHierarchicalTestExecutorService.submit(SameThreadHierarchicalTestExecutorService.java:35)
	at org.junit.platform.engine.support.hierarchical.HierarchicalTestExecutor.execute(HierarchicalTestExecutor.java:57)
	at org.junit.platform.engine.support.hierarchical.HierarchicalTestEngine.execute(HierarchicalTestEngine.java:54)
	at org.junit.platform.launcher.core.EngineExecutionOrchestrator.execute(EngineExecutionOrchestrator.java:147)
	at org.junit.platform.launcher.core.EngineExecutionOrchestrator.execute(EngineExecutionOrchestrator.java:127)
	at org.junit.platform.launcher.core.EngineExecutionOrchestrator.execute(EngineExecutionOrchestrator.java:90)
	at org.junit.platform.launcher.core.EngineExecutionOrchestrator.lambda$execute$0(EngineExecutionOrchestrator.java:55)
	at org.junit.platform.launcher.core.EngineExecutionOrchestrator.withInterceptedStreams(EngineExecutionOrchestrator.java:102)
	at org.junit.platform.launcher.core.EngineExecutionOrchestrator.execute(EngineExecutionOrchestrator.java:54)
	at org.junit.platform.launcher.core.DefaultLauncher.execute(DefaultLauncher.java:114)
	at org.junit.platform.launcher.core.DefaultLauncher.execute(DefaultLauncher.java:95)
	at org.junit.platform.launcher.core.DefaultLauncherSession$DelegatingLauncher.execute(DefaultLauncherSession.java:91)
	at org.junit.platform.launcher.core.SessionPerRequestLauncher.execute(SessionPerRequestLauncher.java:60)
	at org.eclipse.jdt.internal.junit5.runner.JUnit5TestReference.run(JUnit5TestReference.java:100)
	at org.eclipse.jdt.internal.junit.runner.TestExecution.run(TestExecution.java:40)
	at org.eclipse.jdt.internal.junit.runner.RemoteTestRunner.runTests(RemoteTestRunner.java:520)
	at org.eclipse.jdt.internal.junit.runner.RemoteTestRunner.runTests(RemoteTestRunner.java:748)
	at org.eclipse.jdt.internal.junit.runner.RemoteTestRunner.run(RemoteTestRunner.java:443)
	at org.eclipse.jdt.internal.junit.runner.RemoteTestRunner.main(RemoteTestRunner.java:211)
	Suppressed: java.lang.NullPointerException: null
		at com.azure.core.http.policy.BearerTokenAuthenticationPolicy.setAuthorizationHeaderHelperSync(BearerTokenAuthenticationPolicy.java:221)
		at com.azure.core.http.policy.BearerTokenAuthenticationPolicy.authorizeRequestSync(BearerTokenAuthenticationPolicy.java:92)
		at com.azure.core.http.policy.BearerTokenAuthenticationPolicy.processSync(BearerTokenAuthenticationPolicy.java:174)
		at com.azure.core.http.HttpPipelineNextSyncPolicy.processSync(HttpPipelineNextSyncPolicy.java:53)
		at com.azure.core.http.policy.AddDatePolicy.processSync(AddDatePolicy.java:50)
		at com.azure.core.http.HttpPipelineNextSyncPolicy.processSync(HttpPipelineNextSyncPolicy.java:53)
		at com.azure.core.http.policy.RetryPolicy.attemptSync(RetryPolicy.java:217)
		... 106 common frames omitted
	Suppressed: java.lang.NullPointerException: null
		at com.azure.core.http.policy.BearerTokenAuthenticationPolicy.setAuthorizationHeaderHelperSync(BearerTokenAuthenticationPolicy.java:221)
		at com.azure.core.http.policy.BearerTokenAuthenticationPolicy.authorizeRequestSync(BearerTokenAuthenticationPolicy.java:92)
		at com.azure.core.http.policy.BearerTokenAuthenticationPolicy.processSync(BearerTokenAuthenticationPolicy.java:174)
		at com.azure.core.http.HttpPipelineNextSyncPolicy.processSync(HttpPipelineNextSyncPolicy.java:53)
		at com.azure.core.http.policy.AddDatePolicy.processSync(AddDatePolicy.java:50)
		at com.azure.core.http.HttpPipelineNextSyncPolicy.processSync(HttpPipelineNextSyncPolicy.java:53)
		at com.azure.core.http.policy.RetryPolicy.attemptSync(RetryPolicy.java:217)
		... 107 common frames omitted
	Suppressed: java.lang.NullPointerException: null
		at com.azure.core.http.policy.BearerTokenAuthenticationPolicy.setAuthorizationHeaderHelperSync(BearerTokenAuthenticationPolicy.java:221)
		at com.azure.core.http.policy.BearerTokenAuthenticationPolicy.authorizeRequestSync(BearerTokenAuthenticationPolicy.java:92)
		at com.azure.core.http.policy.BearerTokenAuthenticationPolicy.processSync(BearerTokenAuthenticationPolicy.java:174)
		at com.azure.core.http.HttpPipelineNextSyncPolicy.processSync(HttpPipelineNextSyncPolicy.java:53)
		at com.azure.core.http.policy.AddDatePolicy.processSync(AddDatePolicy.java:50)
		at com.azure.core.http.HttpPipelineNextSyncPolicy.processSync(HttpPipelineNextSyncPolicy.java:53)
		at com.azure.core.http.policy.RetryPolicy.attemptSync(RetryPolicy.java:217)
		... 108 common frames omitted
2025-03-16 15:49:43 ERROR c.azure.core.http.policy.RetryPolicy - {"az.sdk.message":"Retry attempts have been exhausted.","exception":null,"tryCount":3}
2025-03-16 15:49:43 ERROR c.azure.core.http.policy.RetryPolicy - null
2025-03-16 15:50:15 ERROR o.l.L.Workers.SenderWorker - Failed to upload batch. Exception is non retryable
java.lang.NullPointerException: null
	at com.azure.core.http.policy.BearerTokenAuthenticationPolicy.setAuthorizationHeaderHelperSync(BearerTokenAuthenticationPolicy.java:221)
	at com.azure.core.http.policy.BearerTokenAuthenticationPolicy.authorizeRequestSync(BearerTokenAuthenticationPolicy.java:92)
	at com.azure.core.http.policy.BearerTokenAuthenticationPolicy.processSync(BearerTokenAuthenticationPolicy.java:174)
	at com.azure.core.http.HttpPipelineNextSyncPolicy.processSync(HttpPipelineNextSyncPolicy.java:53)
	at com.azure.core.http.policy.AddDatePolicy.processSync(AddDatePolicy.java:50)
	at com.azure.core.http.HttpPipelineNextSyncPolicy.processSync(HttpPipelineNextSyncPolicy.java:53)
	at com.azure.core.http.policy.RetryPolicy.attemptSync(RetryPolicy.java:217)
	at com.azure.core.http.policy.RetryPolicy.attemptSync(RetryPolicy.java:233)
	at com.azure.core.http.policy.RetryPolicy.attemptSync(RetryPolicy.java:233)
	at com.azure.core.http.policy.RetryPolicy.attemptSync(RetryPolicy.java:233)
	at com.azure.core.http.policy.RetryPolicy.processSync(RetryPolicy.java:161)
	at com.azure.core.http.HttpPipelineNextSyncPolicy.processSync(HttpPipelineNextSyncPolicy.java:53)
	at com.azure.core.http.policy.AddHeadersFromContextPolicy.processSync(AddHeadersFromContextPolicy.java:67)
	at com.azure.core.http.HttpPipelineNextSyncPolicy.processSync(HttpPipelineNextSyncPolicy.java:53)
	at com.azure.core.http.policy.RequestIdPolicy.processSync(RequestIdPolicy.java:77)
	at com.azure.core.http.HttpPipelineNextSyncPolicy.processSync(HttpPipelineNextSyncPolicy.java:53)
	at com.azure.core.http.policy.HttpPipelineSyncPolicy.processSync(HttpPipelineSyncPolicy.java:51)
	at com.azure.core.http.policy.UserAgentPolicy.processSync(UserAgentPolicy.java:174)
	at com.azure.core.http.HttpPipelineNextSyncPolicy.processSync(HttpPipelineNextSyncPolicy.java:53)
	at com.azure.core.http.HttpPipeline.sendSync(HttpPipeline.java:138)
	at com.azure.core.implementation.http.rest.SyncRestProxy.send(SyncRestProxy.java:62)
	at com.azure.core.implementation.http.rest.SyncRestProxy.invoke(SyncRestProxy.java:83)
	at com.azure.core.implementation.http.rest.RestProxyBase.invoke(RestProxyBase.java:124)
	at com.azure.core.http.rest.RestProxy.invoke(RestProxy.java:95)
	at com.sun.proxy.$Proxy59.uploadSync(Unknown Source)
	at com.azure.monitor.ingestion.implementation.IngestionUsingDataCollectionRulesClientImpl.uploadWithResponse(IngestionUsingDataCollectionRulesClientImpl.java:312)
	at com.azure.monitor.ingestion.implementation.IngestionUsingDataCollectionRulesClient.uploadWithResponse(IngestionUsingDataCollectionRulesClient.java:89)
	at com.azure.monitor.ingestion.LogsIngestionClient.uploadToService(LogsIngestionClient.java:264)
	at com.azure.monitor.ingestion.LogsIngestionClient.lambda$upload$0(LogsIngestionClient.java:227)
	at java.base/java.util.stream.ReferencePipeline$3$1.accept(ReferencePipeline.java:195)
	at java.base/java.util.Iterator.forEachRemaining(Iterator.java:133)
	at java.base/java.util.Spliterators$IteratorSpliterator.forEachRemaining(Spliterators.java:1801)
	at java.base/java.util.stream.AbstractPipeline.copyInto(AbstractPipeline.java:484)
	at java.base/java.util.stream.AbstractPipeline.wrapAndCopyInto(AbstractPipeline.java:474)
	at java.base/java.util.stream.ReduceOps$ReduceOp.evaluateSequential(ReduceOps.java:913)
	at java.base/java.util.stream.AbstractPipeline.evaluate(AbstractPipeline.java:234)
	at java.base/java.util.stream.ReferencePipeline.collect(ReferencePipeline.java:578)
	at com.azure.monitor.ingestion.LogsIngestionClient.upload(LogsIngestionClient.java:241)
	at com.azure.monitor.ingestion.LogsIngestionClient.upload(LogsIngestionClient.java:185)
	at com.azure.monitor.ingestion.LogsIngestionClient.upload(LogsIngestionClient.java:147)
	at org.logstashplugins.LogAnalyticsEventsHandler.Workers.SenderWorker.uploadWithExpBackoffRetries(SenderWorker.java:94)
	at java.base/jdk.internal.reflect.NativeMethodAccessorImpl.invoke0(Native Method)
	at java.base/jdk.internal.reflect.NativeMethodAccessorImpl.invoke(NativeMethodAccessorImpl.java:62)
	at java.base/jdk.internal.reflect.DelegatingMethodAccessorImpl.invoke(DelegatingMethodAccessorImpl.java:43)
	at java.base/java.lang.reflect.Method.invoke(Method.java:566)
	at org.logstashplugins.unit.SenderWorkerTest.testUploadWithExpBackoffRetries_RetryableException(SenderWorkerTest.java:89)
	at java.base/jdk.internal.reflect.NativeMethodAccessorImpl.invoke0(Native Method)
	at java.base/jdk.internal.reflect.NativeMethodAccessorImpl.invoke(NativeMethodAccessorImpl.java:62)
	at java.base/jdk.internal.reflect.DelegatingMethodAccessorImpl.invoke(DelegatingMethodAccessorImpl.java:43)
	at java.base/java.lang.reflect.Method.invoke(Method.java:566)
	at org.junit.platform.commons.util.ReflectionUtils.invokeMethod(ReflectionUtils.java:727)
	at org.junit.jupiter.engine.execution.MethodInvocation.proceed(MethodInvocation.java:60)
	at org.junit.jupiter.engine.execution.InvocationInterceptorChain$ValidatingInvocation.proceed(InvocationInterceptorChain.java:131)
	at org.junit.jupiter.engine.extension.TimeoutExtension.intercept(TimeoutExtension.java:156)
	at org.junit.jupiter.engine.extension.TimeoutExtension.interceptTestableMethod(TimeoutExtension.java:147)
	at org.junit.jupiter.engine.extension.TimeoutExtension.interceptTestMethod(TimeoutExtension.java:86)
	at org.junit.jupiter.engine.execution.InterceptingExecutableInvoker$ReflectiveInterceptorCall.lambda$ofVoidMethod$0(InterceptingExecutableInvoker.java:103)
	at org.junit.jupiter.engine.execution.InterceptingExecutableInvoker.lambda$invoke$0(InterceptingExecutableInvoker.java:93)
	at org.junit.jupiter.engine.execution.InvocationInterceptorChain$InterceptedInvocation.proceed(InvocationInterceptorChain.java:106)
	at org.junit.jupiter.engine.execution.InvocationInterceptorChain.proceed(InvocationInterceptorChain.java:64)
	at org.junit.jupiter.engine.execution.InvocationInterceptorChain.chainAndInvoke(InvocationInterceptorChain.java:45)
	at org.junit.jupiter.engine.execution.InvocationInterceptorChain.invoke(InvocationInterceptorChain.java:37)
	at org.junit.jupiter.engine.execution.InterceptingExecutableInvoker.invoke(InterceptingExecutableInvoker.java:92)
	at org.junit.jupiter.engine.execution.InterceptingExecutableInvoker.invoke(InterceptingExecutableInvoker.java:86)
	at org.junit.jupiter.engine.descriptor.TestMethodTestDescriptor.lambda$invokeTestMethod$7(TestMethodTestDescriptor.java:217)
	at org.junit.platform.engine.support.hierarchical.ThrowableCollector.execute(ThrowableCollector.java:73)
	at org.junit.jupiter.engine.descriptor.TestMethodTestDescriptor.invokeTestMethod(TestMethodTestDescriptor.java:213)
	at org.junit.jupiter.engine.descriptor.TestMethodTestDescriptor.execute(TestMethodTestDescriptor.java:138)
	at org.junit.jupiter.engine.descriptor.TestMethodTestDescriptor.execute(TestMethodTestDescriptor.java:68)
	at org.junit.platform.engine.support.hierarchical.NodeTestTask.lambda$executeRecursively$6(NodeTestTask.java:151)
	at org.junit.platform.engine.support.hierarchical.ThrowableCollector.execute(ThrowableCollector.java:73)
	at org.junit.platform.engine.support.hierarchical.NodeTestTask.lambda$executeRecursively$8(NodeTestTask.java:141)
	at org.junit.platform.engine.support.hierarchical.Node.around(Node.java:137)
	at org.junit.platform.engine.support.hierarchical.NodeTestTask.lambda$executeRecursively$9(NodeTestTask.java:139)
	at org.junit.platform.engine.support.hierarchical.ThrowableCollector.execute(ThrowableCollector.java:73)
	at org.junit.platform.engine.support.hierarchical.NodeTestTask.executeRecursively(NodeTestTask.java:138)
	at org.junit.platform.engine.support.hierarchical.NodeTestTask.execute(NodeTestTask.java:95)
	at java.base/java.util.ArrayList.forEach(ArrayList.java:1541)
	at org.junit.platform.engine.support.hierarchical.SameThreadHierarchicalTestExecutorService.invokeAll(SameThreadHierarchicalTestExecutorService.java:41)
	at org.junit.platform.engine.support.hierarchical.NodeTestTask.lambda$executeRecursively$6(NodeTestTask.java:155)
	at org.junit.platform.engine.support.hierarchical.ThrowableCollector.execute(ThrowableCollector.java:73)
	at org.junit.platform.engine.support.hierarchical.NodeTestTask.lambda$executeRecursively$8(NodeTestTask.java:141)
	at org.junit.platform.engine.support.hierarchical.Node.around(Node.java:137)
	at org.junit.platform.engine.support.hierarchical.NodeTestTask.lambda$executeRecursively$9(NodeTestTask.java:139)
	at org.junit.platform.engine.support.hierarchical.ThrowableCollector.execute(ThrowableCollector.java:73)
	at org.junit.platform.engine.support.hierarchical.NodeTestTask.executeRecursively(NodeTestTask.java:138)
	at org.junit.platform.engine.support.hierarchical.NodeTestTask.execute(NodeTestTask.java:95)
	at java.base/java.util.ArrayList.forEach(ArrayList.java:1541)
	at org.junit.platform.engine.support.hierarchical.SameThreadHierarchicalTestExecutorService.invokeAll(SameThreadHierarchicalTestExecutorService.java:41)
	at org.junit.platform.engine.support.hierarchical.NodeTestTask.lambda$executeRecursively$6(NodeTestTask.java:155)
	at org.junit.platform.engine.support.hierarchical.ThrowableCollector.execute(ThrowableCollector.java:73)
	at org.junit.platform.engine.support.hierarchical.NodeTestTask.lambda$executeRecursively$8(NodeTestTask.java:141)
	at org.junit.platform.engine.support.hierarchical.Node.around(Node.java:137)
	at org.junit.platform.engine.support.hierarchical.NodeTestTask.lambda$executeRecursively$9(NodeTestTask.java:139)
	at org.junit.platform.engine.support.hierarchical.ThrowableCollector.execute(ThrowableCollector.java:73)
	at org.junit.platform.engine.support.hierarchical.NodeTestTask.executeRecursively(NodeTestTask.java:138)
	at org.junit.platform.engine.support.hierarchical.NodeTestTask.execute(NodeTestTask.java:95)
	at org.junit.platform.engine.support.hierarchical.SameThreadHierarchicalTestExecutorService.submit(SameThreadHierarchicalTestExecutorService.java:35)
	at org.junit.platform.engine.support.hierarchical.HierarchicalTestExecutor.execute(HierarchicalTestExecutor.java:57)
	at org.junit.platform.engine.support.hierarchical.HierarchicalTestEngine.execute(HierarchicalTestEngine.java:54)
	at org.junit.platform.launcher.core.EngineExecutionOrchestrator.execute(EngineExecutionOrchestrator.java:147)
	at org.junit.platform.launcher.core.EngineExecutionOrchestrator.execute(EngineExecutionOrchestrator.java:127)
	at org.junit.platform.launcher.core.EngineExecutionOrchestrator.execute(EngineExecutionOrchestrator.java:90)
	at org.junit.platform.launcher.core.EngineExecutionOrchestrator.lambda$execute$0(EngineExecutionOrchestrator.java:55)
	at org.junit.platform.launcher.core.EngineExecutionOrchestrator.withInterceptedStreams(EngineExecutionOrchestrator.java:102)
	at org.junit.platform.launcher.core.EngineExecutionOrchestrator.execute(EngineExecutionOrchestrator.java:54)
	at org.junit.platform.launcher.core.DefaultLauncher.execute(DefaultLauncher.java:114)
	at org.junit.platform.launcher.core.DefaultLauncher.execute(DefaultLauncher.java:95)
	at org.junit.platform.launcher.core.DefaultLauncherSession$DelegatingLauncher.execute(DefaultLauncherSession.java:91)
	at org.junit.platform.launcher.core.SessionPerRequestLauncher.execute(SessionPerRequestLauncher.java:60)
	at org.eclipse.jdt.internal.junit5.runner.JUnit5TestReference.run(JUnit5TestReference.java:100)
	at org.eclipse.jdt.internal.junit.runner.TestExecution.run(TestExecution.java:40)
	at org.eclipse.jdt.internal.junit.runner.RemoteTestRunner.runTests(RemoteTestRunner.java:520)
	at org.eclipse.jdt.internal.junit.runner.RemoteTestRunner.runTests(RemoteTestRunner.java:748)
	at org.eclipse.jdt.internal.junit.runner.RemoteTestRunner.run(RemoteTestRunner.java:443)
	at org.eclipse.jdt.internal.junit.runner.RemoteTestRunner.main(RemoteTestRunner.java:211)
	Suppressed: java.lang.NullPointerException: null
		at com.azure.core.http.policy.BearerTokenAuthenticationPolicy.setAuthorizationHeaderHelperSync(BearerTokenAuthenticationPolicy.java:221)
		at com.azure.core.http.policy.BearerTokenAuthenticationPolicy.authorizeRequestSync(BearerTokenAuthenticationPolicy.java:92)
		at com.azure.core.http.policy.BearerTokenAuthenticationPolicy.processSync(BearerTokenAuthenticationPolicy.java:174)
		at com.azure.core.http.HttpPipelineNextSyncPolicy.processSync(HttpPipelineNextSyncPolicy.java:53)
		at com.azure.core.http.policy.AddDatePolicy.processSync(AddDatePolicy.java:50)
		at com.azure.core.http.HttpPipelineNextSyncPolicy.processSync(HttpPipelineNextSyncPolicy.java:53)
		at com.azure.core.http.policy.RetryPolicy.attemptSync(RetryPolicy.java:217)
		... 106 common frames omitted
	Suppressed: java.lang.NullPointerException: null
		at com.azure.core.http.policy.BearerTokenAuthenticationPolicy.setAuthorizationHeaderHelperSync(BearerTokenAuthenticationPolicy.java:221)
		at com.azure.core.http.policy.BearerTokenAuthenticationPolicy.authorizeRequestSync(BearerTokenAuthenticationPolicy.java:92)
		at com.azure.core.http.policy.BearerTokenAuthenticationPolicy.processSync(BearerTokenAuthenticationPolicy.java:174)
		at com.azure.core.http.HttpPipelineNextSyncPolicy.processSync(HttpPipelineNextSyncPolicy.java:53)
		at com.azure.core.http.policy.AddDatePolicy.processSync(AddDatePolicy.java:50)
		at com.azure.core.http.HttpPipelineNextSyncPolicy.processSync(HttpPipelineNextSyncPolicy.java:53)
		at com.azure.core.http.policy.RetryPolicy.attemptSync(RetryPolicy.java:217)
		... 107 common frames omitted
	Suppressed: java.lang.NullPointerException: null
		at com.azure.core.http.policy.BearerTokenAuthenticationPolicy.setAuthorizationHeaderHelperSync(BearerTokenAuthenticationPolicy.java:221)
		at com.azure.core.http.policy.BearerTokenAuthenticationPolicy.authorizeRequestSync(BearerTokenAuthenticationPolicy.java:92)
		at com.azure.core.http.policy.BearerTokenAuthenticationPolicy.processSync(BearerTokenAuthenticationPolicy.java:174)
		at com.azure.core.http.HttpPipelineNextSyncPolicy.processSync(HttpPipelineNextSyncPolicy.java:53)
		at com.azure.core.http.policy.AddDatePolicy.processSync(AddDatePolicy.java:50)
		at com.azure.core.http.HttpPipelineNextSyncPolicy.processSync(HttpPipelineNextSyncPolicy.java:53)
		at com.azure.core.http.policy.RetryPolicy.attemptSync(RetryPolicy.java:217)
		... 108 common frames omitted
2025-03-16 15:59:25 ERROR c.azure.core.http.policy.RetryPolicy - {"az.sdk.message":"Retry attempts have been exhausted.","exception":null,"tryCount":3}
2025-03-16 15:59:25 ERROR c.azure.core.http.policy.RetryPolicy - null
2025-03-16 15:59:26 ERROR o.l.L.Workers.SenderWorker - Failed to upload batch. Exception is non retryable
java.lang.NullPointerException: null
	at com.azure.core.http.policy.BearerTokenAuthenticationPolicy.setAuthorizationHeaderHelperSync(BearerTokenAuthenticationPolicy.java:221)
	at com.azure.core.http.policy.BearerTokenAuthenticationPolicy.authorizeRequestSync(BearerTokenAuthenticationPolicy.java:92)
	at com.azure.core.http.policy.BearerTokenAuthenticationPolicy.processSync(BearerTokenAuthenticationPolicy.java:174)
	at com.azure.core.http.HttpPipelineNextSyncPolicy.processSync(HttpPipelineNextSyncPolicy.java:53)
	at com.azure.core.http.policy.AddDatePolicy.processSync(AddDatePolicy.java:50)
	at com.azure.core.http.HttpPipelineNextSyncPolicy.processSync(HttpPipelineNextSyncPolicy.java:53)
	at com.azure.core.http.policy.RetryPolicy.attemptSync(RetryPolicy.java:217)
	at com.azure.core.http.policy.RetryPolicy.attemptSync(RetryPolicy.java:233)
	at com.azure.core.http.policy.RetryPolicy.attemptSync(RetryPolicy.java:233)
	at com.azure.core.http.policy.RetryPolicy.attemptSync(RetryPolicy.java:233)
	at com.azure.core.http.policy.RetryPolicy.processSync(RetryPolicy.java:161)
	at com.azure.core.http.HttpPipelineNextSyncPolicy.processSync(HttpPipelineNextSyncPolicy.java:53)
	at com.azure.core.http.policy.AddHeadersFromContextPolicy.processSync(AddHeadersFromContextPolicy.java:67)
	at com.azure.core.http.HttpPipelineNextSyncPolicy.processSync(HttpPipelineNextSyncPolicy.java:53)
	at com.azure.core.http.policy.RequestIdPolicy.processSync(RequestIdPolicy.java:77)
	at com.azure.core.http.HttpPipelineNextSyncPolicy.processSync(HttpPipelineNextSyncPolicy.java:53)
	at com.azure.core.http.policy.HttpPipelineSyncPolicy.processSync(HttpPipelineSyncPolicy.java:51)
	at com.azure.core.http.policy.UserAgentPolicy.processSync(UserAgentPolicy.java:174)
	at com.azure.core.http.HttpPipelineNextSyncPolicy.processSync(HttpPipelineNextSyncPolicy.java:53)
	at com.azure.core.http.HttpPipeline.sendSync(HttpPipeline.java:138)
	at com.azure.core.implementation.http.rest.SyncRestProxy.send(SyncRestProxy.java:62)
	at com.azure.core.implementation.http.rest.SyncRestProxy.invoke(SyncRestProxy.java:83)
	at com.azure.core.implementation.http.rest.RestProxyBase.invoke(RestProxyBase.java:124)
	at com.azure.core.http.rest.RestProxy.invoke(RestProxy.java:95)
	at com.sun.proxy.$Proxy59.uploadSync(Unknown Source)
	at com.azure.monitor.ingestion.implementation.IngestionUsingDataCollectionRulesClientImpl.uploadWithResponse(IngestionUsingDataCollectionRulesClientImpl.java:312)
	at com.azure.monitor.ingestion.implementation.IngestionUsingDataCollectionRulesClient.uploadWithResponse(IngestionUsingDataCollectionRulesClient.java:89)
	at com.azure.monitor.ingestion.LogsIngestionClient.uploadToService(LogsIngestionClient.java:264)
	at com.azure.monitor.ingestion.LogsIngestionClient.lambda$upload$0(LogsIngestionClient.java:227)
	at java.base/java.util.stream.ReferencePipeline$3$1.accept(ReferencePipeline.java:195)
	at java.base/java.util.Iterator.forEachRemaining(Iterator.java:133)
	at java.base/java.util.Spliterators$IteratorSpliterator.forEachRemaining(Spliterators.java:1801)
	at java.base/java.util.stream.AbstractPipeline.copyInto(AbstractPipeline.java:484)
	at java.base/java.util.stream.AbstractPipeline.wrapAndCopyInto(AbstractPipeline.java:474)
	at java.base/java.util.stream.ReduceOps$ReduceOp.evaluateSequential(ReduceOps.java:913)
	at java.base/java.util.stream.AbstractPipeline.evaluate(AbstractPipeline.java:234)
	at java.base/java.util.stream.ReferencePipeline.collect(ReferencePipeline.java:578)
	at com.azure.monitor.ingestion.LogsIngestionClient.upload(LogsIngestionClient.java:241)
	at com.azure.monitor.ingestion.LogsIngestionClient.upload(LogsIngestionClient.java:185)
	at com.azure.monitor.ingestion.LogsIngestionClient.upload(LogsIngestionClient.java:147)
	at org.logstashplugins.LogAnalyticsEventsHandler.Workers.SenderWorker.uploadWithExpBackoffRetries(SenderWorker.java:94)
	at java.base/jdk.internal.reflect.NativeMethodAccessorImpl.invoke0(Native Method)
	at java.base/jdk.internal.reflect.NativeMethodAccessorImpl.invoke(NativeMethodAccessorImpl.java:62)
	at java.base/jdk.internal.reflect.DelegatingMethodAccessorImpl.invoke(DelegatingMethodAccessorImpl.java:43)
	at java.base/java.lang.reflect.Method.invoke(Method.java:566)
	at org.logstashplugins.unit.SenderWorkerTest.testUploadWithExpBackoffRetries_RetryableException(SenderWorkerTest.java:92)
	at java.base/jdk.internal.reflect.NativeMethodAccessorImpl.invoke0(Native Method)
	at java.base/jdk.internal.reflect.NativeMethodAccessorImpl.invoke(NativeMethodAccessorImpl.java:62)
	at java.base/jdk.internal.reflect.DelegatingMethodAccessorImpl.invoke(DelegatingMethodAccessorImpl.java:43)
	at java.base/java.lang.reflect.Method.invoke(Method.java:566)
	at org.junit.platform.commons.util.ReflectionUtils.invokeMethod(ReflectionUtils.java:727)
	at org.junit.jupiter.engine.execution.MethodInvocation.proceed(MethodInvocation.java:60)
	at org.junit.jupiter.engine.execution.InvocationInterceptorChain$ValidatingInvocation.proceed(InvocationInterceptorChain.java:131)
	at org.junit.jupiter.engine.extension.TimeoutExtension.intercept(TimeoutExtension.java:156)
	at org.junit.jupiter.engine.extension.TimeoutExtension.interceptTestableMethod(TimeoutExtension.java:147)
	at org.junit.jupiter.engine.extension.TimeoutExtension.interceptTestMethod(TimeoutExtension.java:86)
	at org.junit.jupiter.engine.execution.InterceptingExecutableInvoker$ReflectiveInterceptorCall.lambda$ofVoidMethod$0(InterceptingExecutableInvoker.java:103)
	at org.junit.jupiter.engine.execution.InterceptingExecutableInvoker.lambda$invoke$0(InterceptingExecutableInvoker.java:93)
	at org.junit.jupiter.engine.execution.InvocationInterceptorChain$InterceptedInvocation.proceed(InvocationInterceptorChain.java:106)
	at org.junit.jupiter.engine.execution.InvocationInterceptorChain.proceed(InvocationInterceptorChain.java:64)
	at org.junit.jupiter.engine.execution.InvocationInterceptorChain.chainAndInvoke(InvocationInterceptorChain.java:45)
	at org.junit.jupiter.engine.execution.InvocationInterceptorChain.invoke(InvocationInterceptorChain.java:37)
	at org.junit.jupiter.engine.execution.InterceptingExecutableInvoker.invoke(InterceptingExecutableInvoker.java:92)
	at org.junit.jupiter.engine.execution.InterceptingExecutableInvoker.invoke(InterceptingExecutableInvoker.java:86)
	at org.junit.jupiter.engine.descriptor.TestMethodTestDescriptor.lambda$invokeTestMethod$7(TestMethodTestDescriptor.java:217)
	at org.junit.platform.engine.support.hierarchical.ThrowableCollector.execute(ThrowableCollector.java:73)
	at org.junit.jupiter.engine.descriptor.TestMethodTestDescriptor.invokeTestMethod(TestMethodTestDescriptor.java:213)
	at org.junit.jupiter.engine.descriptor.TestMethodTestDescriptor.execute(TestMethodTestDescriptor.java:138)
	at org.junit.jupiter.engine.descriptor.TestMethodTestDescriptor.execute(TestMethodTestDescriptor.java:68)
	at org.junit.platform.engine.support.hierarchical.NodeTestTask.lambda$executeRecursively$6(NodeTestTask.java:151)
	at org.junit.platform.engine.support.hierarchical.ThrowableCollector.execute(ThrowableCollector.java:73)
	at org.junit.platform.engine.support.hierarchical.NodeTestTask.lambda$executeRecursively$8(NodeTestTask.java:141)
	at org.junit.platform.engine.support.hierarchical.Node.around(Node.java:137)
	at org.junit.platform.engine.support.hierarchical.NodeTestTask.lambda$executeRecursively$9(NodeTestTask.java:139)
	at org.junit.platform.engine.support.hierarchical.ThrowableCollector.execute(ThrowableCollector.java:73)
	at org.junit.platform.engine.support.hierarchical.NodeTestTask.executeRecursively(NodeTestTask.java:138)
	at org.junit.platform.engine.support.hierarchical.NodeTestTask.execute(NodeTestTask.java:95)
	at java.base/java.util.ArrayList.forEach(ArrayList.java:1541)
	at org.junit.platform.engine.support.hierarchical.SameThreadHierarchicalTestExecutorService.invokeAll(SameThreadHierarchicalTestExecutorService.java:41)
	at org.junit.platform.engine.support.hierarchical.NodeTestTask.lambda$executeRecursively$6(NodeTestTask.java:155)
	at org.junit.platform.engine.support.hierarchical.ThrowableCollector.execute(ThrowableCollector.java:73)
	at org.junit.platform.engine.support.hierarchical.NodeTestTask.lambda$executeRecursively$8(NodeTestTask.java:141)
	at org.junit.platform.engine.support.hierarchical.Node.around(Node.java:137)
	at org.junit.platform.engine.support.hierarchical.NodeTestTask.lambda$executeRecursively$9(NodeTestTask.java:139)
	at org.junit.platform.engine.support.hierarchical.ThrowableCollector.execute(ThrowableCollector.java:73)
	at org.junit.platform.engine.support.hierarchical.NodeTestTask.executeRecursively(NodeTestTask.java:138)
	at org.junit.platform.engine.support.hierarchical.NodeTestTask.execute(NodeTestTask.java:95)
	at java.base/java.util.ArrayList.forEach(ArrayList.java:1541)
	at org.junit.platform.engine.support.hierarchical.SameThreadHierarchicalTestExecutorService.invokeAll(SameThreadHierarchicalTestExecutorService.java:41)
	at org.junit.platform.engine.support.hierarchical.NodeTestTask.lambda$executeRecursively$6(NodeTestTask.java:155)
	at org.junit.platform.engine.support.hierarchical.ThrowableCollector.execute(ThrowableCollector.java:73)
	at org.junit.platform.engine.support.hierarchical.NodeTestTask.lambda$executeRecursively$8(NodeTestTask.java:141)
	at org.junit.platform.engine.support.hierarchical.Node.around(Node.java:137)
	at org.junit.platform.engine.support.hierarchical.NodeTestTask.lambda$executeRecursively$9(NodeTestTask.java:139)
	at org.junit.platform.engine.support.hierarchical.ThrowableCollector.execute(ThrowableCollector.java:73)
	at org.junit.platform.engine.support.hierarchical.NodeTestTask.executeRecursively(NodeTestTask.java:138)
	at org.junit.platform.engine.support.hierarchical.NodeTestTask.execute(NodeTestTask.java:95)
	at org.junit.platform.engine.support.hierarchical.SameThreadHierarchicalTestExecutorService.submit(SameThreadHierarchicalTestExecutorService.java:35)
	at org.junit.platform.engine.support.hierarchical.HierarchicalTestExecutor.execute(HierarchicalTestExecutor.java:57)
	at org.junit.platform.engine.support.hierarchical.HierarchicalTestEngine.execute(HierarchicalTestEngine.java:54)
	at org.junit.platform.launcher.core.EngineExecutionOrchestrator.execute(EngineExecutionOrchestrator.java:147)
	at org.junit.platform.launcher.core.EngineExecutionOrchestrator.execute(EngineExecutionOrchestrator.java:127)
	at org.junit.platform.launcher.core.EngineExecutionOrchestrator.execute(EngineExecutionOrchestrator.java:90)
	at org.junit.platform.launcher.core.EngineExecutionOrchestrator.lambda$execute$0(EngineExecutionOrchestrator.java:55)
	at org.junit.platform.launcher.core.EngineExecutionOrchestrator.withInterceptedStreams(EngineExecutionOrchestrator.java:102)
	at org.junit.platform.launcher.core.EngineExecutionOrchestrator.execute(EngineExecutionOrchestrator.java:54)
	at org.junit.platform.launcher.core.DefaultLauncher.execute(DefaultLauncher.java:114)
	at org.junit.platform.launcher.core.DefaultLauncher.execute(DefaultLauncher.java:95)
	at org.junit.platform.launcher.core.DefaultLauncherSession$DelegatingLauncher.execute(DefaultLauncherSession.java:91)
	at org.junit.platform.launcher.core.SessionPerRequestLauncher.execute(SessionPerRequestLauncher.java:60)
	at org.eclipse.jdt.internal.junit5.runner.JUnit5TestReference.run(JUnit5TestReference.java:100)
	at org.eclipse.jdt.internal.junit.runner.TestExecution.run(TestExecution.java:40)
	at org.eclipse.jdt.internal.junit.runner.RemoteTestRunner.runTests(RemoteTestRunner.java:520)
	at org.eclipse.jdt.internal.junit.runner.RemoteTestRunner.runTests(RemoteTestRunner.java:748)
	at org.eclipse.jdt.internal.junit.runner.RemoteTestRunner.run(RemoteTestRunner.java:443)
	at org.eclipse.jdt.internal.junit.runner.RemoteTestRunner.main(RemoteTestRunner.java:211)
	Suppressed: java.lang.NullPointerException: null
		at com.azure.core.http.policy.BearerTokenAuthenticationPolicy.setAuthorizationHeaderHelperSync(BearerTokenAuthenticationPolicy.java:221)
		at com.azure.core.http.policy.BearerTokenAuthenticationPolicy.authorizeRequestSync(BearerTokenAuthenticationPolicy.java:92)
		at com.azure.core.http.policy.BearerTokenAuthenticationPolicy.processSync(BearerTokenAuthenticationPolicy.java:174)
		at com.azure.core.http.HttpPipelineNextSyncPolicy.processSync(HttpPipelineNextSyncPolicy.java:53)
		at com.azure.core.http.policy.AddDatePolicy.processSync(AddDatePolicy.java:50)
		at com.azure.core.http.HttpPipelineNextSyncPolicy.processSync(HttpPipelineNextSyncPolicy.java:53)
		at com.azure.core.http.policy.RetryPolicy.attemptSync(RetryPolicy.java:217)
		... 106 common frames omitted
	Suppressed: java.lang.NullPointerException: null
		at com.azure.core.http.policy.BearerTokenAuthenticationPolicy.setAuthorizationHeaderHelperSync(BearerTokenAuthenticationPolicy.java:221)
		at com.azure.core.http.policy.BearerTokenAuthenticationPolicy.authorizeRequestSync(BearerTokenAuthenticationPolicy.java:92)
		at com.azure.core.http.policy.BearerTokenAuthenticationPolicy.processSync(BearerTokenAuthenticationPolicy.java:174)
		at com.azure.core.http.HttpPipelineNextSyncPolicy.processSync(HttpPipelineNextSyncPolicy.java:53)
		at com.azure.core.http.policy.AddDatePolicy.processSync(AddDatePolicy.java:50)
		at com.azure.core.http.HttpPipelineNextSyncPolicy.processSync(HttpPipelineNextSyncPolicy.java:53)
		at com.azure.core.http.policy.RetryPolicy.attemptSync(RetryPolicy.java:217)
		... 107 common frames omitted
	Suppressed: java.lang.NullPointerException: null
		at com.azure.core.http.policy.BearerTokenAuthenticationPolicy.setAuthorizationHeaderHelperSync(BearerTokenAuthenticationPolicy.java:221)
		at com.azure.core.http.policy.BearerTokenAuthenticationPolicy.authorizeRequestSync(BearerTokenAuthenticationPolicy.java:92)
		at com.azure.core.http.policy.BearerTokenAuthenticationPolicy.processSync(BearerTokenAuthenticationPolicy.java:174)
		at com.azure.core.http.HttpPipelineNextSyncPolicy.processSync(HttpPipelineNextSyncPolicy.java:53)
		at com.azure.core.http.policy.AddDatePolicy.processSync(AddDatePolicy.java:50)
		at com.azure.core.http.HttpPipelineNextSyncPolicy.processSync(HttpPipelineNextSyncPolicy.java:53)
		at com.azure.core.http.policy.RetryPolicy.attemptSync(RetryPolicy.java:217)
		... 108 common frames omitted
